---------------------------------------------------------------
[2019-11-05T12:27:54+08:00] 127.0.0.1 GET www.crmeb.com/
[运行时间：0.098310s] [吞吐率：10.17req/s] [内存消耗：2,835.57kb] [文件加载：85]
[ info ] [ LANG ] D:\phpStudy\PHPTutorial\WWW\wolfbolg\thinkphp\lang\zh-cn.php
[ info ] [ ROUTE ] array (
  'rule' => '',
  'route' => 'index/index',
  'option' => 
  array (
    'merge_rule_regex' => false,
    'complete_match' => true,
  ),
  'var' => 
  array (
  ),
)
[ info ] [ HEADER ] array (
  'cookie' => 'PHPSESSID=36h3lh5u4unst3ntift6nme9e7',
  'accept-language' => 'zh-CN,zh;q=0.9,en-US;q=0.8,en;q=0.7',
  'accept-encoding' => 'gzip, deflate',
  'accept' => 'text/html,application/xhtml+xml,application/xml;q=0.9,image/webp,image/apng,*/*;q=0.8',
  'user-agent' => 'Mozilla/5.0 (Windows NT 10.0; Win64; x64) AppleWebKit/537.36 (KHTML, like Gecko) Chrome/76.0.3809.132 Safari/537.36 OPR/63.0.3368.107',
  'upgrade-insecure-requests' => '1',
  'connection' => 'close',
  'host' => 'www.crmeb.com',
)
[ info ] [ PARAM ] array (
)
[ info ] [ DB ] INIT mysql
[ info ] [ VIEW ] D:\phpStudy\PHPTutorial\WWW\wolfbolg\application\index/view/default/web/index_index.php [ array (
  0 => 'backimg',
  1 => 'page',
  2 => 'list',
  3 => 'type',
  4 => 'tops',
) ]
[ sql ] [ DB ] CONNECT:[ UseTime:0.003254s ] mysql:host=127.0.0.1;port=3306;dbname=blog_test;charset=utf8
[ sql ] [ SQL ] SHOW COLUMNS FROM `config` [ RunTime:0.009726s ]
[ sql ] [ SQL ] SELECT `tp_name` FROM `config` LIMIT 1 [ RunTime:0.000618s ]
[ sql ] [ SQL ] SHOW COLUMNS FROM `background` [ RunTime:0.006756s ]
[ sql ] [ SQL ] SELECT * FROM `background` WHERE  `id` = 1 LIMIT 1 [ RunTime:0.000577s ]
[ sql ] [ SQL ] SHOW COLUMNS FROM `article` [ RunTime:0.007486s ]
[ sql ] [ SQL ] SELECT COUNT(*) AS tp_count FROM `article` WHERE  `status` = 1 [ RunTime:0.000390s ]
[ sql ] [ SQL ] SELECT * FROM `article` WHERE  `status` = 1 LIMIT 0,5 [ RunTime:0.000267s ]
[ sql ] [ SQL ] SELECT `id`,`title`,`img` FROM `article` WHERE  `status` = 1  AND `img` <> '' ORDER BY id desc LIMIT 5 [ RunTime:0.000344s ]
[ sql ] [ SQL ] SHOW COLUMNS FROM `category` [ RunTime:0.009868s ]
[ sql ] [ SQL ] SELECT `id`,`title` FROM `category` WHERE  `status` = 1 ORDER BY `sort` ASC [ RunTime:0.000373s ]
---------------------------------------------------------------
[2019-11-05T12:27:59+08:00] 127.0.0.1 GET www.crmeb.com/
[运行时间：0.073429s] [吞吐率：13.62req/s] [内存消耗：2,835.94kb] [文件加载：85]
[ info ] [ LANG ] D:\phpStudy\PHPTutorial\WWW\wolfbolg\thinkphp\lang\zh-cn.php
[ info ] [ ROUTE ] array (
  'rule' => '',
  'route' => 'index/index',
  'option' => 
  array (
    'merge_rule_regex' => false,
    'complete_match' => true,
  ),
  'var' => 
  array (
  ),
)
[ info ] [ HEADER ] array (
  'cookie' => 'PHPSESSID=36h3lh5u4unst3ntift6nme9e7',
  'accept-language' => 'zh-CN,zh;q=0.9,en-US;q=0.8,en;q=0.7',
  'accept-encoding' => 'gzip, deflate',
  'referer' => 'http://www.crmeb.com/',
  'accept' => 'text/html,application/xhtml+xml,application/xml;q=0.9,image/webp,image/apng,*/*;q=0.8',
  'user-agent' => 'Mozilla/5.0 (Windows NT 10.0; Win64; x64) AppleWebKit/537.36 (KHTML, like Gecko) Chrome/76.0.3809.132 Safari/537.36 OPR/63.0.3368.107',
  'upgrade-insecure-requests' => '1',
  'connection' => 'close',
  'host' => 'www.crmeb.com',
)
[ info ] [ PARAM ] array (
)
[ info ] [ DB ] INIT mysql
[ info ] [ VIEW ] D:\phpStudy\PHPTutorial\WWW\wolfbolg\application\index/view/default/web/index_index.php [ array (
  0 => 'backimg',
  1 => 'page',
  2 => 'list',
  3 => 'type',
  4 => 'tops',
) ]
[ sql ] [ DB ] CONNECT:[ UseTime:0.000641s ] mysql:host=127.0.0.1;port=3306;dbname=blog_test;charset=utf8
[ sql ] [ SQL ] SHOW COLUMNS FROM `config` [ RunTime:0.008674s ]
[ sql ] [ SQL ] SELECT `tp_name` FROM `config` LIMIT 1 [ RunTime:0.000583s ]
[ sql ] [ SQL ] SHOW COLUMNS FROM `background` [ RunTime:0.006063s ]
[ sql ] [ SQL ] SELECT * FROM `background` WHERE  `id` = 1 LIMIT 1 [ RunTime:0.000259s ]
[ sql ] [ SQL ] SHOW COLUMNS FROM `article` [ RunTime:0.008542s ]
[ sql ] [ SQL ] SELECT COUNT(*) AS tp_count FROM `article` WHERE  `status` = 1 [ RunTime:0.000331s ]
[ sql ] [ SQL ] SELECT * FROM `article` WHERE  `status` = 1 LIMIT 0,5 [ RunTime:0.000301s ]
[ sql ] [ SQL ] SELECT `id`,`title`,`img` FROM `article` WHERE  `status` = 1  AND `img` <> '' ORDER BY id desc LIMIT 5 [ RunTime:0.000237s ]
[ sql ] [ SQL ] SHOW COLUMNS FROM `category` [ RunTime:0.005809s ]
[ sql ] [ SQL ] SELECT `id`,`title` FROM `category` WHERE  `status` = 1 ORDER BY `sort` ASC [ RunTime:0.000272s ]
---------------------------------------------------------------
[2019-11-05T12:28:00+08:00] 127.0.0.1 GET www.crmeb.com/?type=1
[运行时间：0.080643s] [吞吐率：12.40req/s] [内存消耗：2,836.50kb] [文件加载：85]
[ info ] [ LANG ] D:\phpStudy\PHPTutorial\WWW\wolfbolg\thinkphp\lang\zh-cn.php
[ info ] [ ROUTE ] array (
  'rule' => '',
  'route' => 'index/index',
  'option' => 
  array (
    'merge_rule_regex' => false,
    'complete_match' => true,
  ),
  'var' => 
  array (
  ),
)
[ info ] [ HEADER ] array (
  'cookie' => 'PHPSESSID=36h3lh5u4unst3ntift6nme9e7',
  'accept-language' => 'zh-CN,zh;q=0.9,en-US;q=0.8,en;q=0.7',
  'accept-encoding' => 'gzip, deflate',
  'referer' => 'http://www.crmeb.com/',
  'accept' => 'text/html,application/xhtml+xml,application/xml;q=0.9,image/webp,image/apng,*/*;q=0.8',
  'user-agent' => 'Mozilla/5.0 (Windows NT 10.0; Win64; x64) AppleWebKit/537.36 (KHTML, like Gecko) Chrome/76.0.3809.132 Safari/537.36 OPR/63.0.3368.107',
  'upgrade-insecure-requests' => '1',
  'connection' => 'close',
  'host' => 'www.crmeb.com',
)
[ info ] [ PARAM ] array (
  'type' => '1',
)
[ info ] [ DB ] INIT mysql
[ info ] [ VIEW ] D:\phpStudy\PHPTutorial\WWW\wolfbolg\application\index/view/default/web/index_index.php [ array (
  0 => 'backimg',
  1 => 'page',
  2 => 'list',
  3 => 'type',
  4 => 'tops',
) ]
[ sql ] [ DB ] CONNECT:[ UseTime:0.011354s ] mysql:host=127.0.0.1;port=3306;dbname=blog_test;charset=utf8
[ sql ] [ SQL ] SHOW COLUMNS FROM `config` [ RunTime:0.006573s ]
[ sql ] [ SQL ] SELECT `tp_name` FROM `config` LIMIT 1 [ RunTime:0.000285s ]
[ sql ] [ SQL ] SHOW COLUMNS FROM `background` [ RunTime:0.008016s ]
[ sql ] [ SQL ] SELECT * FROM `background` WHERE  `id` = 1 LIMIT 1 [ RunTime:0.000630s ]
[ sql ] [ SQL ] SHOW COLUMNS FROM `article` [ RunTime:0.006235s ]
[ sql ] [ SQL ] SELECT COUNT(*) AS tp_count FROM `article` WHERE  `status` = 1  AND `type` = 1 [ RunTime:0.000313s ]
[ sql ] [ SQL ] SELECT * FROM `article` WHERE  `status` = 1  AND `type` = 1 LIMIT 0,5 [ RunTime:0.000297s ]
[ sql ] [ SQL ] SELECT `id`,`title`,`img` FROM `article` WHERE  `type` = 1  AND `status` = 1  AND `img` <> '' ORDER BY id desc LIMIT 5 [ RunTime:0.000290s ]
[ sql ] [ SQL ] SHOW COLUMNS FROM `category` [ RunTime:0.008823s ]
[ sql ] [ SQL ] SELECT `id`,`title` FROM `category` WHERE  `status` = 1 ORDER BY `sort` ASC [ RunTime:0.000368s ]
---------------------------------------------------------------
[2019-11-05T12:28:01+08:00] 127.0.0.1 GET www.crmeb.com/
[运行时间：0.080559s] [吞吐率：12.41req/s] [内存消耗：2,835.92kb] [文件加载：85]
[ info ] [ LANG ] D:\phpStudy\PHPTutorial\WWW\wolfbolg\thinkphp\lang\zh-cn.php
[ info ] [ ROUTE ] array (
  'rule' => '',
  'route' => 'index/index',
  'option' => 
  array (
    'merge_rule_regex' => false,
    'complete_match' => true,
  ),
  'var' => 
  array (
  ),
)
[ info ] [ HEADER ] array (
  'cookie' => 'PHPSESSID=36h3lh5u4unst3ntift6nme9e7',
  'accept-language' => 'zh-CN,zh;q=0.9,en-US;q=0.8,en;q=0.7',
  'accept-encoding' => 'gzip, deflate',
  'referer' => 'http://www.crmeb.com/?type=1',
  'accept' => 'text/html,application/xhtml+xml,application/xml;q=0.9,image/webp,image/apng,*/*;q=0.8',
  'user-agent' => 'Mozilla/5.0 (Windows NT 10.0; Win64; x64) AppleWebKit/537.36 (KHTML, like Gecko) Chrome/76.0.3809.132 Safari/537.36 OPR/63.0.3368.107',
  'upgrade-insecure-requests' => '1',
  'connection' => 'close',
  'host' => 'www.crmeb.com',
)
[ info ] [ PARAM ] array (
)
[ info ] [ DB ] INIT mysql
[ info ] [ VIEW ] D:\phpStudy\PHPTutorial\WWW\wolfbolg\application\index/view/default/web/index_index.php [ array (
  0 => 'backimg',
  1 => 'page',
  2 => 'list',
  3 => 'type',
  4 => 'tops',
) ]
[ sql ] [ DB ] CONNECT:[ UseTime:0.000577s ] mysql:host=127.0.0.1;port=3306;dbname=blog_test;charset=utf8
[ sql ] [ SQL ] SHOW COLUMNS FROM `config` [ RunTime:0.010131s ]
[ sql ] [ SQL ] SELECT `tp_name` FROM `config` LIMIT 1 [ RunTime:0.000422s ]
[ sql ] [ SQL ] SHOW COLUMNS FROM `background` [ RunTime:0.007978s ]
[ sql ] [ SQL ] SELECT * FROM `background` WHERE  `id` = 1 LIMIT 1 [ RunTime:0.001190s ]
[ sql ] [ SQL ] SHOW COLUMNS FROM `article` [ RunTime:0.006681s ]
[ sql ] [ SQL ] SELECT COUNT(*) AS tp_count FROM `article` WHERE  `status` = 1 [ RunTime:0.000383s ]
[ sql ] [ SQL ] SELECT * FROM `article` WHERE  `status` = 1 LIMIT 0,5 [ RunTime:0.000309s ]
[ sql ] [ SQL ] SELECT `id`,`title`,`img` FROM `article` WHERE  `status` = 1  AND `img` <> '' ORDER BY id desc LIMIT 5 [ RunTime:0.000378s ]
[ sql ] [ SQL ] SHOW COLUMNS FROM `category` [ RunTime:0.010066s ]
[ sql ] [ SQL ] SELECT `id`,`title` FROM `category` WHERE  `status` = 1 ORDER BY `sort` ASC [ RunTime:0.000370s ]
---------------------------------------------------------------
[2019-11-05T12:28:02+08:00] 127.0.0.1 GET www.crmeb.com/
[运行时间：0.147906s] [吞吐率：6.76req/s] [内存消耗：2,835.94kb] [文件加载：85]
[ info ] [ LANG ] D:\phpStudy\PHPTutorial\WWW\wolfbolg\thinkphp\lang\zh-cn.php
[ info ] [ ROUTE ] array (
  'rule' => '',
  'route' => 'index/index',
  'option' => 
  array (
    'merge_rule_regex' => false,
    'complete_match' => true,
  ),
  'var' => 
  array (
  ),
)
[ info ] [ HEADER ] array (
  'cookie' => 'PHPSESSID=36h3lh5u4unst3ntift6nme9e7',
  'accept-language' => 'zh-CN,zh;q=0.9,en-US;q=0.8,en;q=0.7',
  'accept-encoding' => 'gzip, deflate',
  'referer' => 'http://www.crmeb.com/',
  'accept' => 'text/html,application/xhtml+xml,application/xml;q=0.9,image/webp,image/apng,*/*;q=0.8',
  'user-agent' => 'Mozilla/5.0 (Windows NT 10.0; Win64; x64) AppleWebKit/537.36 (KHTML, like Gecko) Chrome/76.0.3809.132 Safari/537.36 OPR/63.0.3368.107',
  'upgrade-insecure-requests' => '1',
  'connection' => 'close',
  'host' => 'www.crmeb.com',
)
[ info ] [ PARAM ] array (
)
[ info ] [ DB ] INIT mysql
[ info ] [ VIEW ] D:\phpStudy\PHPTutorial\WWW\wolfbolg\application\index/view/default/web/index_index.php [ array (
  0 => 'backimg',
  1 => 'page',
  2 => 'list',
  3 => 'type',
  4 => 'tops',
) ]
[ sql ] [ DB ] CONNECT:[ UseTime:0.000512s ] mysql:host=127.0.0.1;port=3306;dbname=blog_test;charset=utf8
[ sql ] [ SQL ] SHOW COLUMNS FROM `config` [ RunTime:0.061137s ]
[ sql ] [ SQL ] SELECT `tp_name` FROM `config` LIMIT 1 [ RunTime:0.000322s ]
[ sql ] [ SQL ] SHOW COLUMNS FROM `background` [ RunTime:0.028156s ]
[ sql ] [ SQL ] SELECT * FROM `background` WHERE  `id` = 1 LIMIT 1 [ RunTime:0.000808s ]
[ sql ] [ SQL ] SHOW COLUMNS FROM `article` [ RunTime:0.006711s ]
[ sql ] [ SQL ] SELECT COUNT(*) AS tp_count FROM `article` WHERE  `status` = 1 [ RunTime:0.000359s ]
[ sql ] [ SQL ] SELECT * FROM `article` WHERE  `status` = 1 LIMIT 0,5 [ RunTime:0.000354s ]
[ sql ] [ SQL ] SELECT `id`,`title`,`img` FROM `article` WHERE  `status` = 1  AND `img` <> '' ORDER BY id desc LIMIT 5 [ RunTime:0.000324s ]
[ sql ] [ SQL ] SHOW COLUMNS FROM `category` [ RunTime:0.009129s ]
[ sql ] [ SQL ] SELECT `id`,`title` FROM `category` WHERE  `status` = 1 ORDER BY `sort` ASC [ RunTime:0.000371s ]
---------------------------------------------------------------
[2019-11-05T14:39:28+08:00] 127.0.0.1 GET www.crmeb.com/uploads/20181024/685c236eedcead9479f13e50de7edd82.jpg)%20!important
[运行时间：0.027354s] [吞吐率：36.56req/s] [内存消耗：1,035.91kb] [文件加载：46]
[ info ] [ LANG ] D:\phpStudy\PHPTutorial\WWW\wolfbolg\thinkphp\lang\zh-cn.php
---------------------------------------------------------------
[2019-11-05T14:46:18+08:00] 127.0.0.1 GET www.crmeb.com/
[运行时间：0.095795s] [吞吐率：10.44req/s] [内存消耗：2,835.57kb] [文件加载：85]
[ info ] [ LANG ] D:\phpStudy\PHPTutorial\WWW\wolfbolg\thinkphp\lang\zh-cn.php
[ info ] [ ROUTE ] array (
  'rule' => '',
  'route' => 'index/index',
  'option' => 
  array (
    'merge_rule_regex' => false,
    'complete_match' => true,
  ),
  'var' => 
  array (
  ),
)
[ info ] [ HEADER ] array (
  'cookie' => 'PHPSESSID=36h3lh5u4unst3ntift6nme9e7',
  'accept-language' => 'zh-CN,zh;q=0.9,en-US;q=0.8,en;q=0.7',
  'accept-encoding' => 'gzip, deflate',
  'accept' => 'text/html,application/xhtml+xml,application/xml;q=0.9,image/webp,image/apng,*/*;q=0.8',
  'user-agent' => 'Mozilla/5.0 (Windows NT 10.0; Win64; x64) AppleWebKit/537.36 (KHTML, like Gecko) Chrome/76.0.3809.132 Safari/537.36 OPR/63.0.3368.107',
  'upgrade-insecure-requests' => '1',
  'connection' => 'close',
  'host' => 'www.crmeb.com',
)
[ info ] [ PARAM ] array (
)
[ info ] [ DB ] INIT mysql
[ info ] [ VIEW ] D:\phpStudy\PHPTutorial\WWW\wolfbolg\application\index/view/default/web/index_index.php [ array (
  0 => 'backimg',
  1 => 'page',
  2 => 'list',
  3 => 'type',
  4 => 'tops',
) ]
[ sql ] [ DB ] CONNECT:[ UseTime:0.002646s ] mysql:host=127.0.0.1;port=3306;dbname=blog_test;charset=utf8
[ sql ] [ SQL ] SHOW COLUMNS FROM `config` [ RunTime:0.007706s ]
[ sql ] [ SQL ] SELECT `tp_name` FROM `config` LIMIT 1 [ RunTime:0.000414s ]
[ sql ] [ SQL ] SHOW COLUMNS FROM `background` [ RunTime:0.007086s ]
[ sql ] [ SQL ] SELECT * FROM `background` WHERE  `id` = 1 LIMIT 1 [ RunTime:0.000524s ]
[ sql ] [ SQL ] SHOW COLUMNS FROM `article` [ RunTime:0.007031s ]
[ sql ] [ SQL ] SELECT COUNT(*) AS tp_count FROM `article` WHERE  `status` = 1 [ RunTime:0.000426s ]
[ sql ] [ SQL ] SELECT * FROM `article` WHERE  `status` = 1 LIMIT 0,5 [ RunTime:0.000299s ]
[ sql ] [ SQL ] SELECT `id`,`title`,`img` FROM `article` WHERE  `status` = 1  AND `img` <> '' ORDER BY id desc LIMIT 5 [ RunTime:0.000423s ]
[ sql ] [ SQL ] SHOW COLUMNS FROM `category` [ RunTime:0.006276s ]
[ sql ] [ SQL ] SELECT `id`,`title` FROM `category` WHERE  `status` = 1 ORDER BY `sort` ASC [ RunTime:0.000464s ]
---------------------------------------------------------------
[2019-11-05T14:46:34+08:00] 127.0.0.1 GET www.crmeb.com/admin
[运行时间：0.054417s] [吞吐率：18.38req/s] [内存消耗：1,499.66kb] [文件加载：68]
[ info ] [ LANG ] D:\phpStudy\PHPTutorial\WWW\wolfbolg\thinkphp\lang\zh-cn.php
[ info ] [ ROUTE ] array (
)
[ info ] [ HEADER ] array (
  'cookie' => 'PHPSESSID=36h3lh5u4unst3ntift6nme9e7',
  'accept-language' => 'zh-CN,zh;q=0.9,en-US;q=0.8,en;q=0.7',
  'accept-encoding' => 'gzip, deflate',
  'accept' => 'text/html,application/xhtml+xml,application/xml;q=0.9,image/webp,image/apng,*/*;q=0.8',
  'user-agent' => 'Mozilla/5.0 (Windows NT 10.0; Win64; x64) AppleWebKit/537.36 (KHTML, like Gecko) Chrome/76.0.3809.132 Safari/537.36 OPR/63.0.3368.107',
  'upgrade-insecure-requests' => '1',
  'connection' => 'close',
  'host' => 'www.crmeb.com',
)
[ info ] [ PARAM ] array (
  '/admin' => '',
)
[ info ] [ VIEW ] D:\phpStudy\PHPTutorial\WWW\wolfbolg\application\admin\view\public_head.php [ array (
  0 => 'catalog_data',
  1 => 'controller',
  2 => 'action',
  3 => 'tempname',
) ]
[ info ] [ VIEW ] D:\phpStudy\PHPTutorial\WWW\wolfbolg\application\admin\view\index_index.php [ array (
  0 => 'catalog_data',
  1 => 'controller',
  2 => 'action',
  3 => 'tempname',
) ]
[ info ] [ VIEW ] D:\phpStudy\PHPTutorial\WWW\wolfbolg\application\admin\view\public_foot.php [ array (
  0 => 'catalog_data',
  1 => 'controller',
  2 => 'action',
  3 => 'tempname',
) ]
---------------------------------------------------------------
[2019-11-05T14:46:37+08:00] 127.0.0.1 GET www.crmeb.com/admin
[运行时间：0.030086s] [吞吐率：33.24req/s] [内存消耗：1,499.66kb] [文件加载：68]
[ info ] [ LANG ] D:\phpStudy\PHPTutorial\WWW\wolfbolg\thinkphp\lang\zh-cn.php
[ info ] [ ROUTE ] array (
)
[ info ] [ HEADER ] array (
  'cookie' => 'PHPSESSID=36h3lh5u4unst3ntift6nme9e7',
  'accept-language' => 'zh-CN,zh;q=0.9,en-US;q=0.8,en;q=0.7',
  'accept-encoding' => 'gzip, deflate',
  'accept' => 'text/html,application/xhtml+xml,application/xml;q=0.9,image/webp,image/apng,*/*;q=0.8',
  'user-agent' => 'Mozilla/5.0 (Windows NT 10.0; Win64; x64) AppleWebKit/537.36 (KHTML, like Gecko) Chrome/76.0.3809.132 Safari/537.36 OPR/63.0.3368.107',
  'upgrade-insecure-requests' => '1',
  'connection' => 'close',
  'host' => 'www.crmeb.com',
)
[ info ] [ PARAM ] array (
  '/admin' => '',
)
[ info ] [ VIEW ] D:\phpStudy\PHPTutorial\WWW\wolfbolg\application\admin\view\public_head.php [ array (
  0 => 'catalog_data',
  1 => 'controller',
  2 => 'action',
  3 => 'tempname',
) ]
[ info ] [ VIEW ] D:\phpStudy\PHPTutorial\WWW\wolfbolg\application\admin\view\index_index.php [ array (
  0 => 'catalog_data',
  1 => 'controller',
  2 => 'action',
  3 => 'tempname',
) ]
[ info ] [ VIEW ] D:\phpStudy\PHPTutorial\WWW\wolfbolg\application\admin\view\public_foot.php [ array (
  0 => 'catalog_data',
  1 => 'controller',
  2 => 'action',
  3 => 'tempname',
) ]
---------------------------------------------------------------
[2019-11-05T14:46:41+08:00] 127.0.0.1 GET www.crmeb.com/admin/set_config/index.html
[运行时间：0.067999s] [吞吐率：14.71req/s] [内存消耗：2,689.80kb] [文件加载：82]
[ info ] [ LANG ] D:\phpStudy\PHPTutorial\WWW\wolfbolg\thinkphp\lang\zh-cn.php
[ info ] [ ROUTE ] array (
)
[ info ] [ HEADER ] array (
  'cookie' => 'PHPSESSID=36h3lh5u4unst3ntift6nme9e7',
  'accept-language' => 'zh-CN,zh;q=0.9,en-US;q=0.8,en;q=0.7',
  'accept-encoding' => 'gzip, deflate',
  'referer' => 'http://www.crmeb.com/admin',
  'accept' => 'text/html,application/xhtml+xml,application/xml;q=0.9,image/webp,image/apng,*/*;q=0.8',
  'user-agent' => 'Mozilla/5.0 (Windows NT 10.0; Win64; x64) AppleWebKit/537.36 (KHTML, like Gecko) Chrome/76.0.3809.132 Safari/537.36 OPR/63.0.3368.107',
  'upgrade-insecure-requests' => '1',
  'connection' => 'close',
  'host' => 'www.crmeb.com',
)
[ info ] [ PARAM ] array (
  '/admin/set_config/index_html' => '',
)
[ info ] [ DB ] INIT mysql
[ info ] [ VIEW ] D:\phpStudy\PHPTutorial\WWW\wolfbolg\application\admin\view\public_head.php [ array (
  0 => 'catalog_data',
  1 => 'controller',
  2 => 'action',
  3 => 'tempname',
  4 => 'config_data',
) ]
[ info ] [ VIEW ] D:\phpStudy\PHPTutorial\WWW\wolfbolg\application\admin\view\setconfig_index.php [ array (
  0 => 'catalog_data',
  1 => 'controller',
  2 => 'action',
  3 => 'tempname',
  4 => 'config_data',
) ]
[ info ] [ VIEW ] D:\phpStudy\PHPTutorial\WWW\wolfbolg\application\admin\view\public_foot.php [ array (
  0 => 'catalog_data',
  1 => 'controller',
  2 => 'action',
  3 => 'tempname',
  4 => 'config_data',
) ]
[ sql ] [ DB ] CONNECT:[ UseTime:0.011267s ] mysql:host=127.0.0.1;port=3306;dbname=blog_test;charset=utf8
[ sql ] [ SQL ] SHOW COLUMNS FROM `config` [ RunTime:0.009140s ]
[ sql ] [ SQL ] SELECT * FROM `config` LIMIT 1 [ RunTime:0.000421s ]
---------------------------------------------------------------
[2019-11-05T14:46:44+08:00] 127.0.0.1 GET www.crmeb.com/admin/set_config/template.html
[运行时间：0.059258s] [吞吐率：16.88req/s] [内存消耗：2,689.79kb] [文件加载：82]
[ info ] [ LANG ] D:\phpStudy\PHPTutorial\WWW\wolfbolg\thinkphp\lang\zh-cn.php
[ info ] [ ROUTE ] array (
)
[ info ] [ HEADER ] array (
  'cookie' => 'PHPSESSID=36h3lh5u4unst3ntift6nme9e7',
  'accept-language' => 'zh-CN,zh;q=0.9,en-US;q=0.8,en;q=0.7',
  'accept-encoding' => 'gzip, deflate',
  'referer' => 'http://www.crmeb.com/admin/set_config/index.html',
  'accept' => 'text/html,application/xhtml+xml,application/xml;q=0.9,image/webp,image/apng,*/*;q=0.8',
  'user-agent' => 'Mozilla/5.0 (Windows NT 10.0; Win64; x64) AppleWebKit/537.36 (KHTML, like Gecko) Chrome/76.0.3809.132 Safari/537.36 OPR/63.0.3368.107',
  'upgrade-insecure-requests' => '1',
  'connection' => 'close',
  'host' => 'www.crmeb.com',
)
[ info ] [ PARAM ] array (
  '/admin/set_config/template_html' => '',
)
[ info ] [ DB ] INIT mysql
[ info ] [ VIEW ] D:\phpStudy\PHPTutorial\WWW\wolfbolg\application\admin\view\public_head.php [ array (
  0 => 'catalog_data',
  1 => 'controller',
  2 => 'action',
  3 => 'tempname',
  4 => 'config_data',
) ]
[ info ] [ VIEW ] D:\phpStudy\PHPTutorial\WWW\wolfbolg\application\admin\view\setconfig_template.php [ array (
  0 => 'catalog_data',
  1 => 'controller',
  2 => 'action',
  3 => 'tempname',
  4 => 'config_data',
) ]
[ info ] [ VIEW ] D:\phpStudy\PHPTutorial\WWW\wolfbolg\application\admin\view\public_foot.php [ array (
  0 => 'catalog_data',
  1 => 'controller',
  2 => 'action',
  3 => 'tempname',
  4 => 'config_data',
) ]
[ sql ] [ DB ] CONNECT:[ UseTime:0.010106s ] mysql:host=127.0.0.1;port=3306;dbname=blog_test;charset=utf8
[ sql ] [ SQL ] SHOW COLUMNS FROM `config` [ RunTime:0.007205s ]
[ sql ] [ SQL ] SELECT * FROM `config` LIMIT 1 [ RunTime:0.000513s ]
---------------------------------------------------------------
[2019-11-05T14:46:44+08:00] 127.0.0.1 GET www.crmeb.com/uploads/template_logo/20190902/14c0dc3d2e760a98cc1c6e10420be713.jpg
[运行时间：0.031579s] [吞吐率：31.67req/s] [内存消耗：1,059.23kb] [文件加载：47]
[ info ] [ LANG ] D:\phpStudy\PHPTutorial\WWW\wolfbolg\thinkphp\lang\zh-cn.php
---------------------------------------------------------------
[2019-11-05T14:46:47+08:00] 127.0.0.1 GET www.crmeb.com/admin/category/index.html
[运行时间：0.053938s] [吞吐率：18.54req/s] [内存消耗：2,795.16kb] [文件加载：86]
[ info ] [ LANG ] D:\phpStudy\PHPTutorial\WWW\wolfbolg\thinkphp\lang\zh-cn.php
[ info ] [ ROUTE ] array (
)
[ info ] [ HEADER ] array (
  'cookie' => 'PHPSESSID=36h3lh5u4unst3ntift6nme9e7',
  'accept-language' => 'zh-CN,zh;q=0.9,en-US;q=0.8,en;q=0.7',
  'accept-encoding' => 'gzip, deflate',
  'referer' => 'http://www.crmeb.com/admin/set_config/template.html',
  'accept' => 'text/html,application/xhtml+xml,application/xml;q=0.9,image/webp,image/apng,*/*;q=0.8',
  'user-agent' => 'Mozilla/5.0 (Windows NT 10.0; Win64; x64) AppleWebKit/537.36 (KHTML, like Gecko) Chrome/76.0.3809.132 Safari/537.36 OPR/63.0.3368.107',
  'upgrade-insecure-requests' => '1',
  'connection' => 'close',
  'host' => 'www.crmeb.com',
)
[ info ] [ PARAM ] array (
  '/admin/category/index_html' => '',
)
[ info ] [ DB ] INIT mysql
[ info ] [ VIEW ] D:\phpStudy\PHPTutorial\WWW\wolfbolg\application\admin\view\public_head.php [ array (
  0 => 'catalog_data',
  1 => 'controller',
  2 => 'action',
  3 => 'tempname',
  4 => 'notes',
  5 => 'list',
  6 => 'pages',
) ]
[ info ] [ VIEW ] D:\phpStudy\PHPTutorial\WWW\wolfbolg\application\admin\view\category_index.php [ array (
  0 => 'catalog_data',
  1 => 'controller',
  2 => 'action',
  3 => 'tempname',
  4 => 'notes',
  5 => 'list',
  6 => 'pages',
) ]
[ info ] [ VIEW ] D:\phpStudy\PHPTutorial\WWW\wolfbolg\application\admin\view\public_foot.php [ array (
  0 => 'catalog_data',
  1 => 'controller',
  2 => 'action',
  3 => 'tempname',
  4 => 'notes',
  5 => 'list',
  6 => 'pages',
) ]
[ sql ] [ DB ] CONNECT:[ UseTime:0.000545s ] mysql:host=127.0.0.1;port=3306;dbname=blog_test;charset=utf8
[ sql ] [ SQL ] SHOW COLUMNS FROM `category` [ RunTime:0.008618s ]
[ sql ] [ SQL ] SELECT COUNT(*) AS tp_count FROM `category` [ RunTime:0.000391s ]
[ sql ] [ SQL ] SELECT * FROM `category` ORDER BY `id` DESC LIMIT 0,5 [ RunTime:0.000291s ]
---------------------------------------------------------------
[2019-11-05T14:46:48+08:00] 127.0.0.1 GET www.crmeb.com/admin/background/index.html
[运行时间：0.057598s] [吞吐率：17.36req/s] [内存消耗：2,799.04kb] [文件加载：86]
[ info ] [ LANG ] D:\phpStudy\PHPTutorial\WWW\wolfbolg\thinkphp\lang\zh-cn.php
[ info ] [ ROUTE ] array (
)
[ info ] [ HEADER ] array (
  'cookie' => 'PHPSESSID=36h3lh5u4unst3ntift6nme9e7',
  'accept-language' => 'zh-CN,zh;q=0.9,en-US;q=0.8,en;q=0.7',
  'accept-encoding' => 'gzip, deflate',
  'referer' => 'http://www.crmeb.com/admin/category/index.html',
  'accept' => 'text/html,application/xhtml+xml,application/xml;q=0.9,image/webp,image/apng,*/*;q=0.8',
  'user-agent' => 'Mozilla/5.0 (Windows NT 10.0; Win64; x64) AppleWebKit/537.36 (KHTML, like Gecko) Chrome/76.0.3809.132 Safari/537.36 OPR/63.0.3368.107',
  'upgrade-insecure-requests' => '1',
  'connection' => 'close',
  'host' => 'www.crmeb.com',
)
[ info ] [ PARAM ] array (
  '/admin/background/index_html' => '',
)
[ info ] [ DB ] INIT mysql
[ info ] [ VIEW ] D:\phpStudy\PHPTutorial\WWW\wolfbolg\application\admin\view\public_head.php [ array (
  0 => 'catalog_data',
  1 => 'controller',
  2 => 'action',
  3 => 'tempname',
  4 => 'notes',
  5 => 'list',
  6 => 'pages',
) ]
[ info ] [ VIEW ] D:\phpStudy\PHPTutorial\WWW\wolfbolg\application\admin\view\background_index.php [ array (
  0 => 'catalog_data',
  1 => 'controller',
  2 => 'action',
  3 => 'tempname',
  4 => 'notes',
  5 => 'list',
  6 => 'pages',
) ]
[ info ] [ VIEW ] D:\phpStudy\PHPTutorial\WWW\wolfbolg\application\admin\view\public_foot.php [ array (
  0 => 'catalog_data',
  1 => 'controller',
  2 => 'action',
  3 => 'tempname',
  4 => 'notes',
  5 => 'list',
  6 => 'pages',
) ]
[ sql ] [ DB ] CONNECT:[ UseTime:0.010513s ] mysql:host=127.0.0.1;port=3306;dbname=blog_test;charset=utf8
[ sql ] [ SQL ] SHOW COLUMNS FROM `background` [ RunTime:0.006530s ]
[ sql ] [ SQL ] SELECT COUNT(*) AS tp_count FROM `background` [ RunTime:0.000347s ]
[ sql ] [ SQL ] SELECT * FROM `background` ORDER BY `id` DESC LIMIT 0,5 [ RunTime:0.000349s ]
---------------------------------------------------------------
[2019-11-05T14:46:51+08:00] 127.0.0.1 GET www.crmeb.com/admin/background/edit/id/1.html
[运行时间：0.067049s] [吞吐率：14.91req/s] [内存消耗：2,804.61kb] [文件加载：85]
[ info ] [ LANG ] D:\phpStudy\PHPTutorial\WWW\wolfbolg\thinkphp\lang\zh-cn.php
[ info ] [ ROUTE ] array (
)
[ info ] [ HEADER ] array (
  'cookie' => 'PHPSESSID=36h3lh5u4unst3ntift6nme9e7',
  'accept-language' => 'zh-CN,zh;q=0.9,en-US;q=0.8,en;q=0.7',
  'accept-encoding' => 'gzip, deflate',
  'referer' => 'http://www.crmeb.com/admin/background/index.html',
  'accept' => 'text/html,application/xhtml+xml,application/xml;q=0.9,image/webp,image/apng,*/*;q=0.8',
  'user-agent' => 'Mozilla/5.0 (Windows NT 10.0; Win64; x64) AppleWebKit/537.36 (KHTML, like Gecko) Chrome/76.0.3809.132 Safari/537.36 OPR/63.0.3368.107',
  'upgrade-insecure-requests' => '1',
  'connection' => 'close',
  'host' => 'www.crmeb.com',
)
[ info ] [ PARAM ] array (
  '/admin/background/edit/id/1_html' => '',
  'id' => '1',
)
[ info ] [ DB ] INIT mysql
[ info ] [ VIEW ] D:\phpStudy\PHPTutorial\WWW\wolfbolg\application\admin\view\public_head.php [ array (
  0 => 'catalog_data',
  1 => 'controller',
  2 => 'action',
  3 => 'tempname',
  4 => 'notes',
  5 => 'info',
) ]
[ info ] [ VIEW ] D:\phpStudy\PHPTutorial\WWW\wolfbolg\application\admin\view\background_edit.php [ array (
  0 => 'catalog_data',
  1 => 'controller',
  2 => 'action',
  3 => 'tempname',
  4 => 'notes',
  5 => 'info',
) ]
[ info ] [ VIEW ] D:\phpStudy\PHPTutorial\WWW\wolfbolg\application\admin\view\public_foot.php [ array (
  0 => 'catalog_data',
  1 => 'controller',
  2 => 'action',
  3 => 'tempname',
  4 => 'notes',
  5 => 'info',
) ]
[ sql ] [ DB ] CONNECT:[ UseTime:0.011315s ] mysql:host=127.0.0.1;port=3306;dbname=blog_test;charset=utf8
[ sql ] [ SQL ] SHOW COLUMNS FROM `background` [ RunTime:0.007275s ]
[ sql ] [ SQL ] SELECT * FROM `background` WHERE  `id` = 1 LIMIT 1 [ RunTime:0.005594s ]
---------------------------------------------------------------
[2019-11-05T14:55:10+08:00] 127.0.0.1 POST www.crmeb.com/admin/background/edit/id/1.html
[运行时间：0.093514s] [吞吐率：10.69req/s] [内存消耗：2,745.23kb] [文件加载：82]
[ info ] [ LANG ] D:\phpStudy\PHPTutorial\WWW\wolfbolg\thinkphp\lang\zh-cn.php
[ info ] [ ROUTE ] array (
)
[ info ] [ HEADER ] array (
  'cookie' => 'PHPSESSID=36h3lh5u4unst3ntift6nme9e7',
  'accept-language' => 'zh-CN,zh;q=0.9,en-US;q=0.8,en;q=0.7',
  'accept-encoding' => 'gzip, deflate',
  'referer' => 'http://www.crmeb.com/admin/background/edit/id/1.html',
  'accept' => 'text/html,application/xhtml+xml,application/xml;q=0.9,image/webp,image/apng,*/*;q=0.8',
  'user-agent' => 'Mozilla/5.0 (Windows NT 10.0; Win64; x64) AppleWebKit/537.36 (KHTML, like Gecko) Chrome/76.0.3809.132 Safari/537.36 OPR/63.0.3368.107',
  'content-type' => 'multipart/form-data; boundary=----WebKitFormBoundaryAp8CGMaUDBiQrKjA',
  'upgrade-insecure-requests' => '1',
  'origin' => 'http://www.crmeb.com',
  'cache-control' => 'max-age=0',
  'content-length' => '145569',
  'connection' => 'close',
  'host' => 'www.crmeb.com',
)
[ info ] [ PARAM ] array (
  '/admin/background/edit/id/1_html' => '',
  'is_head' => '1',
  'is_main' => '1',
  'id' => '1',
)
[ info ] [ DB ] INIT mysql
[ info ] [ VIEW ] ./jump.html [ array (
  0 => 'catalog_data',
  1 => 'controller',
  2 => 'action',
  3 => 'tempname',
  4 => 'notes',
  5 => 'info',
  6 => 'code',
  7 => 'msg',
  8 => 'data',
  9 => 'url',
  10 => 'wait',
) ]
[ sql ] [ DB ] CONNECT:[ UseTime:0.012348s ] mysql:host=127.0.0.1;port=3306;dbname=blog_test;charset=utf8
[ sql ] [ SQL ] SHOW COLUMNS FROM `background` [ RunTime:0.007296s ]
[ sql ] [ SQL ] SELECT * FROM `background` WHERE  `id` = 1 LIMIT 1 [ RunTime:0.000403s ]
[ sql ] [ SQL ] UPDATE `background`  SET `is_head` = 1 , `is_main` = 1 , `main_back_img` = '\\uploads\\20191105\\b1145430d7948e080297142dfe960055.jpg'  WHERE  `id` = 1 [ RunTime:0.003084s ]
---------------------------------------------------------------
[2019-11-05T14:55:11+08:00] 127.0.0.1 GET www.crmeb.com/admin/background/index.html
[运行时间：0.051478s] [吞吐率：19.43req/s] [内存消耗：2,799.00kb] [文件加载：86]
[ info ] [ LANG ] D:\phpStudy\PHPTutorial\WWW\wolfbolg\thinkphp\lang\zh-cn.php
[ info ] [ ROUTE ] array (
)
[ info ] [ HEADER ] array (
  'cookie' => 'PHPSESSID=36h3lh5u4unst3ntift6nme9e7',
  'accept-language' => 'zh-CN,zh;q=0.9,en-US;q=0.8,en;q=0.7',
  'accept-encoding' => 'gzip, deflate',
  'referer' => 'http://www.crmeb.com/admin/background/edit/id/1.html',
  'accept' => 'text/html,application/xhtml+xml,application/xml;q=0.9,image/webp,image/apng,*/*;q=0.8',
  'user-agent' => 'Mozilla/5.0 (Windows NT 10.0; Win64; x64) AppleWebKit/537.36 (KHTML, like Gecko) Chrome/76.0.3809.132 Safari/537.36 OPR/63.0.3368.107',
  'upgrade-insecure-requests' => '1',
  'connection' => 'close',
  'host' => 'www.crmeb.com',
)
[ info ] [ PARAM ] array (
  '/admin/background/index_html' => '',
)
[ info ] [ DB ] INIT mysql
[ info ] [ VIEW ] D:\phpStudy\PHPTutorial\WWW\wolfbolg\application\admin\view\public_head.php [ array (
  0 => 'catalog_data',
  1 => 'controller',
  2 => 'action',
  3 => 'tempname',
  4 => 'notes',
  5 => 'list',
  6 => 'pages',
) ]
[ info ] [ VIEW ] D:\phpStudy\PHPTutorial\WWW\wolfbolg\application\admin\view\background_index.php [ array (
  0 => 'catalog_data',
  1 => 'controller',
  2 => 'action',
  3 => 'tempname',
  4 => 'notes',
  5 => 'list',
  6 => 'pages',
) ]
[ info ] [ VIEW ] D:\phpStudy\PHPTutorial\WWW\wolfbolg\application\admin\view\public_foot.php [ array (
  0 => 'catalog_data',
  1 => 'controller',
  2 => 'action',
  3 => 'tempname',
  4 => 'notes',
  5 => 'list',
  6 => 'pages',
) ]
[ sql ] [ DB ] CONNECT:[ UseTime:0.000551s ] mysql:host=127.0.0.1;port=3306;dbname=blog_test;charset=utf8
[ sql ] [ SQL ] SHOW COLUMNS FROM `background` [ RunTime:0.006251s ]
[ sql ] [ SQL ] SELECT COUNT(*) AS tp_count FROM `background` [ RunTime:0.000288s ]
[ sql ] [ SQL ] SELECT * FROM `background` ORDER BY `id` DESC LIMIT 0,5 [ RunTime:0.000276s ]
---------------------------------------------------------------
[2019-11-05T14:55:23+08:00] 127.0.0.1 GET www.crmeb.com/
[运行时间：0.125132s] [吞吐率：7.99req/s] [内存消耗：2,835.58kb] [文件加载：85]
[ info ] [ LANG ] D:\phpStudy\PHPTutorial\WWW\wolfbolg\thinkphp\lang\zh-cn.php
[ info ] [ ROUTE ] array (
  'rule' => '',
  'route' => 'index/index',
  'option' => 
  array (
    'merge_rule_regex' => false,
    'complete_match' => true,
  ),
  'var' => 
  array (
  ),
)
[ info ] [ HEADER ] array (
  'cookie' => 'PHPSESSID=36h3lh5u4unst3ntift6nme9e7',
  'accept-language' => 'zh-CN,zh;q=0.9,en-US;q=0.8,en;q=0.7',
  'accept-encoding' => 'gzip, deflate',
  'accept' => 'text/html,application/xhtml+xml,application/xml;q=0.9,image/webp,image/apng,*/*;q=0.8',
  'user-agent' => 'Mozilla/5.0 (Windows NT 10.0; Win64; x64) AppleWebKit/537.36 (KHTML, like Gecko) Chrome/76.0.3809.132 Safari/537.36 OPR/63.0.3368.107',
  'upgrade-insecure-requests' => '1',
  'connection' => 'close',
  'host' => 'www.crmeb.com',
)
[ info ] [ PARAM ] array (
)
[ info ] [ DB ] INIT mysql
[ info ] [ VIEW ] D:\phpStudy\PHPTutorial\WWW\wolfbolg\application\index/view/default/web/index_index.php [ array (
  0 => 'backimg',
  1 => 'page',
  2 => 'list',
  3 => 'type',
  4 => 'tops',
) ]
[ sql ] [ DB ] CONNECT:[ UseTime:0.000569s ] mysql:host=127.0.0.1;port=3306;dbname=blog_test;charset=utf8
[ sql ] [ SQL ] SHOW COLUMNS FROM `config` [ RunTime:0.010135s ]
[ sql ] [ SQL ] SELECT `tp_name` FROM `config` LIMIT 1 [ RunTime:0.000392s ]
[ sql ] [ SQL ] SHOW COLUMNS FROM `background` [ RunTime:0.007796s ]
[ sql ] [ SQL ] SELECT * FROM `background` WHERE  `id` = 1 LIMIT 1 [ RunTime:0.000451s ]
[ sql ] [ SQL ] SHOW COLUMNS FROM `article` [ RunTime:0.011015s ]
[ sql ] [ SQL ] SELECT COUNT(*) AS tp_count FROM `article` WHERE  `status` = 1 [ RunTime:0.000383s ]
[ sql ] [ SQL ] SELECT * FROM `article` WHERE  `status` = 1 LIMIT 0,5 [ RunTime:0.000318s ]
[ sql ] [ SQL ] SELECT `id`,`title`,`img` FROM `article` WHERE  `status` = 1  AND `img` <> '' ORDER BY id desc LIMIT 5 [ RunTime:0.000383s ]
[ sql ] [ SQL ] SHOW COLUMNS FROM `category` [ RunTime:0.009312s ]
[ sql ] [ SQL ] SELECT `id`,`title` FROM `category` WHERE  `status` = 1 ORDER BY `sort` ASC [ RunTime:0.000343s ]
---------------------------------------------------------------
[2019-11-05T15:01:57+08:00] 127.0.0.1 GET www.crmeb.com/admin/background/edit/id/1.html
[运行时间：0.102318s] [吞吐率：9.77req/s] [内存消耗：2,664.49kb] [文件加载：82]
[ info ] [ LANG ] D:\phpStudy\PHPTutorial\WWW\wolfbolg\thinkphp\lang\zh-cn.php
[ info ] [ ROUTE ] array (
)
[ info ] [ HEADER ] array (
  'cookie' => 'PHPSESSID=36h3lh5u4unst3ntift6nme9e7',
  'accept-language' => 'zh-CN,zh;q=0.9,en-US;q=0.8,en;q=0.7',
  'accept-encoding' => 'gzip, deflate',
  'referer' => 'http://www.crmeb.com/admin/background/index.html',
  'accept' => 'text/html,application/xhtml+xml,application/xml;q=0.9,image/webp,image/apng,*/*;q=0.8',
  'user-agent' => 'Mozilla/5.0 (Windows NT 10.0; Win64; x64) AppleWebKit/537.36 (KHTML, like Gecko) Chrome/76.0.3809.132 Safari/537.36 OPR/63.0.3368.107',
  'upgrade-insecure-requests' => '1',
  'connection' => 'close',
  'host' => 'www.crmeb.com',
)
[ info ] [ PARAM ] array (
  '/admin/background/edit/id/1_html' => '',
  'id' => '1',
)
[ info ] [ DB ] INIT mysql
[ info ] [ VIEW ] D:\phpStudy\PHPTutorial\WWW\wolfbolg\application\admin\view\public_head.php [ array (
  0 => 'catalog_data',
  1 => 'controller',
  2 => 'action',
  3 => 'tempname',
  4 => 'notes',
  5 => 'info',
) ]
[ info ] [ VIEW ] D:\phpStudy\PHPTutorial\WWW\wolfbolg\application\admin\view\background_edit.php [ array (
  0 => 'catalog_data',
  1 => 'controller',
  2 => 'action',
  3 => 'tempname',
  4 => 'notes',
  5 => 'info',
) ]
[ info ] [ VIEW ] D:\phpStudy\PHPTutorial\WWW\wolfbolg\application\admin\view\public_foot.php [ array (
  0 => 'catalog_data',
  1 => 'controller',
  2 => 'action',
  3 => 'tempname',
  4 => 'notes',
  5 => 'info',
) ]
[ sql ] [ DB ] CONNECT:[ UseTime:0.009727s ] mysql:host=127.0.0.1;port=3306;dbname=blog_test;charset=utf8
[ sql ] [ SQL ] SHOW COLUMNS FROM `background` [ RunTime:0.042448s ]
[ sql ] [ SQL ] SELECT * FROM `background` WHERE  `id` = 1 LIMIT 1 [ RunTime:0.000599s ]
---------------------------------------------------------------
[2019-11-05T15:02:26+08:00] 127.0.0.1 POST www.crmeb.com/admin/background/edit/id/1.html
[运行时间：0.069278s] [吞吐率：14.43req/s] [内存消耗：2,745.20kb] [文件加载：82]
[ info ] [ LANG ] D:\phpStudy\PHPTutorial\WWW\wolfbolg\thinkphp\lang\zh-cn.php
[ info ] [ ROUTE ] array (
)
[ info ] [ HEADER ] array (
  'cookie' => 'PHPSESSID=36h3lh5u4unst3ntift6nme9e7',
  'accept-language' => 'zh-CN,zh;q=0.9,en-US;q=0.8,en;q=0.7',
  'accept-encoding' => 'gzip, deflate',
  'referer' => 'http://www.crmeb.com/admin/background/edit/id/1.html',
  'accept' => 'text/html,application/xhtml+xml,application/xml;q=0.9,image/webp,image/apng,*/*;q=0.8',
  'user-agent' => 'Mozilla/5.0 (Windows NT 10.0; Win64; x64) AppleWebKit/537.36 (KHTML, like Gecko) Chrome/76.0.3809.132 Safari/537.36 OPR/63.0.3368.107',
  'content-type' => 'multipart/form-data; boundary=----WebKitFormBoundary98ojAU32m9HlI2rA',
  'upgrade-insecure-requests' => '1',
  'origin' => 'http://www.crmeb.com',
  'cache-control' => 'max-age=0',
  'content-length' => '149284',
  'connection' => 'close',
  'host' => 'www.crmeb.com',
)
[ info ] [ PARAM ] array (
  '/admin/background/edit/id/1_html' => '',
  'is_head' => '1',
  'is_main' => '1',
  'id' => '1',
)
[ info ] [ DB ] INIT mysql
[ info ] [ VIEW ] ./jump.html [ array (
  0 => 'catalog_data',
  1 => 'controller',
  2 => 'action',
  3 => 'tempname',
  4 => 'notes',
  5 => 'info',
  6 => 'code',
  7 => 'msg',
  8 => 'data',
  9 => 'url',
  10 => 'wait',
) ]
[ sql ] [ DB ] CONNECT:[ UseTime:0.001517s ] mysql:host=127.0.0.1;port=3306;dbname=blog_test;charset=utf8
[ sql ] [ SQL ] SHOW COLUMNS FROM `background` [ RunTime:0.009785s ]
[ sql ] [ SQL ] SELECT * FROM `background` WHERE  `id` = 1 LIMIT 1 [ RunTime:0.000425s ]
[ sql ] [ SQL ] UPDATE `background`  SET `is_head` = 1 , `is_main` = 1 , `main_back_img` = '\\uploads\\20191105\\5cdb08f48c524fd0248d687394f9bd4e.jpg'  WHERE  `id` = 1 [ RunTime:0.002624s ]
---------------------------------------------------------------
[2019-11-05T15:02:27+08:00] 127.0.0.1 GET www.crmeb.com/admin/background/index.html
[运行时间：0.065504s] [吞吐率：15.27req/s] [内存消耗：2,799.00kb] [文件加载：86]
[ info ] [ LANG ] D:\phpStudy\PHPTutorial\WWW\wolfbolg\thinkphp\lang\zh-cn.php
[ info ] [ ROUTE ] array (
)
[ info ] [ HEADER ] array (
  'cookie' => 'PHPSESSID=36h3lh5u4unst3ntift6nme9e7',
  'accept-language' => 'zh-CN,zh;q=0.9,en-US;q=0.8,en;q=0.7',
  'accept-encoding' => 'gzip, deflate',
  'referer' => 'http://www.crmeb.com/admin/background/edit/id/1.html',
  'accept' => 'text/html,application/xhtml+xml,application/xml;q=0.9,image/webp,image/apng,*/*;q=0.8',
  'user-agent' => 'Mozilla/5.0 (Windows NT 10.0; Win64; x64) AppleWebKit/537.36 (KHTML, like Gecko) Chrome/76.0.3809.132 Safari/537.36 OPR/63.0.3368.107',
  'upgrade-insecure-requests' => '1',
  'connection' => 'close',
  'host' => 'www.crmeb.com',
)
[ info ] [ PARAM ] array (
  '/admin/background/index_html' => '',
)
[ info ] [ DB ] INIT mysql
[ info ] [ VIEW ] D:\phpStudy\PHPTutorial\WWW\wolfbolg\application\admin\view\public_head.php [ array (
  0 => 'catalog_data',
  1 => 'controller',
  2 => 'action',
  3 => 'tempname',
  4 => 'notes',
  5 => 'list',
  6 => 'pages',
) ]
[ info ] [ VIEW ] D:\phpStudy\PHPTutorial\WWW\wolfbolg\application\admin\view\background_index.php [ array (
  0 => 'catalog_data',
  1 => 'controller',
  2 => 'action',
  3 => 'tempname',
  4 => 'notes',
  5 => 'list',
  6 => 'pages',
) ]
[ info ] [ VIEW ] D:\phpStudy\PHPTutorial\WWW\wolfbolg\application\admin\view\public_foot.php [ array (
  0 => 'catalog_data',
  1 => 'controller',
  2 => 'action',
  3 => 'tempname',
  4 => 'notes',
  5 => 'list',
  6 => 'pages',
) ]
[ sql ] [ DB ] CONNECT:[ UseTime:0.000621s ] mysql:host=127.0.0.1;port=3306;dbname=blog_test;charset=utf8
[ sql ] [ SQL ] SHOW COLUMNS FROM `background` [ RunTime:0.009784s ]
[ sql ] [ SQL ] SELECT COUNT(*) AS tp_count FROM `background` [ RunTime:0.000412s ]
[ sql ] [ SQL ] SELECT * FROM `background` ORDER BY `id` DESC LIMIT 0,5 [ RunTime:0.000330s ]
---------------------------------------------------------------
[2019-11-05T15:02:32+08:00] 127.0.0.1 GET www.crmeb.com/
[运行时间：0.084371s] [吞吐率：11.85req/s] [内存消耗：2,835.88kb] [文件加载：85]
[ info ] [ LANG ] D:\phpStudy\PHPTutorial\WWW\wolfbolg\thinkphp\lang\zh-cn.php
[ info ] [ ROUTE ] array (
  'rule' => '',
  'route' => 'index/index',
  'option' => 
  array (
    'merge_rule_regex' => false,
    'complete_match' => true,
  ),
  'var' => 
  array (
  ),
)
[ info ] [ HEADER ] array (
  'cookie' => 'PHPSESSID=36h3lh5u4unst3ntift6nme9e7',
  'accept-language' => 'zh-CN,zh;q=0.9,en-US;q=0.8,en;q=0.7',
  'accept-encoding' => 'gzip, deflate',
  'accept' => 'text/html,application/xhtml+xml,application/xml;q=0.9,image/webp,image/apng,*/*;q=0.8',
  'user-agent' => 'Mozilla/5.0 (Windows NT 10.0; Win64; x64) AppleWebKit/537.36 (KHTML, like Gecko) Chrome/76.0.3809.132 Safari/537.36 OPR/63.0.3368.107',
  'upgrade-insecure-requests' => '1',
  'cache-control' => 'max-age=0',
  'connection' => 'close',
  'host' => 'www.crmeb.com',
)
[ info ] [ PARAM ] array (
)
[ info ] [ DB ] INIT mysql
[ info ] [ VIEW ] D:\phpStudy\PHPTutorial\WWW\wolfbolg\application\index/view/default/web/index_index.php [ array (
  0 => 'backimg',
  1 => 'page',
  2 => 'list',
  3 => 'type',
  4 => 'tops',
) ]
[ sql ] [ DB ] CONNECT:[ UseTime:0.000612s ] mysql:host=127.0.0.1;port=3306;dbname=blog_test;charset=utf8
[ sql ] [ SQL ] SHOW COLUMNS FROM `config` [ RunTime:0.006460s ]
[ sql ] [ SQL ] SELECT `tp_name` FROM `config` LIMIT 1 [ RunTime:0.000389s ]
[ sql ] [ SQL ] SHOW COLUMNS FROM `background` [ RunTime:0.008247s ]
[ sql ] [ SQL ] SELECT * FROM `background` WHERE  `id` = 1 LIMIT 1 [ RunTime:0.000375s ]
[ sql ] [ SQL ] SHOW COLUMNS FROM `article` [ RunTime:0.009182s ]
[ sql ] [ SQL ] SELECT COUNT(*) AS tp_count FROM `article` WHERE  `status` = 1 [ RunTime:0.000353s ]
[ sql ] [ SQL ] SELECT * FROM `article` WHERE  `status` = 1 LIMIT 0,5 [ RunTime:0.000315s ]
[ sql ] [ SQL ] SELECT `id`,`title`,`img` FROM `article` WHERE  `status` = 1  AND `img` <> '' ORDER BY id desc LIMIT 5 [ RunTime:0.000229s ]
[ sql ] [ SQL ] SHOW COLUMNS FROM `category` [ RunTime:0.009516s ]
[ sql ] [ SQL ] SELECT `id`,`title` FROM `category` WHERE  `status` = 1 ORDER BY `sort` ASC [ RunTime:0.000388s ]
---------------------------------------------------------------
[2019-11-05T15:02:42+08:00] 127.0.0.1 GET www.crmeb.com/admin/background/edit/id/1.html
[运行时间：0.066475s] [吞吐率：15.04req/s] [内存消耗：2,664.49kb] [文件加载：82]
[ info ] [ LANG ] D:\phpStudy\PHPTutorial\WWW\wolfbolg\thinkphp\lang\zh-cn.php
[ info ] [ ROUTE ] array (
)
[ info ] [ HEADER ] array (
  'cookie' => 'PHPSESSID=36h3lh5u4unst3ntift6nme9e7',
  'accept-language' => 'zh-CN,zh;q=0.9,en-US;q=0.8,en;q=0.7',
  'accept-encoding' => 'gzip, deflate',
  'referer' => 'http://www.crmeb.com/admin/background/index.html',
  'accept' => 'text/html,application/xhtml+xml,application/xml;q=0.9,image/webp,image/apng,*/*;q=0.8',
  'user-agent' => 'Mozilla/5.0 (Windows NT 10.0; Win64; x64) AppleWebKit/537.36 (KHTML, like Gecko) Chrome/76.0.3809.132 Safari/537.36 OPR/63.0.3368.107',
  'upgrade-insecure-requests' => '1',
  'connection' => 'close',
  'host' => 'www.crmeb.com',
)
[ info ] [ PARAM ] array (
  '/admin/background/edit/id/1_html' => '',
  'id' => '1',
)
[ info ] [ DB ] INIT mysql
[ info ] [ VIEW ] D:\phpStudy\PHPTutorial\WWW\wolfbolg\application\admin\view\public_head.php [ array (
  0 => 'catalog_data',
  1 => 'controller',
  2 => 'action',
  3 => 'tempname',
  4 => 'notes',
  5 => 'info',
) ]
[ info ] [ VIEW ] D:\phpStudy\PHPTutorial\WWW\wolfbolg\application\admin\view\background_edit.php [ array (
  0 => 'catalog_data',
  1 => 'controller',
  2 => 'action',
  3 => 'tempname',
  4 => 'notes',
  5 => 'info',
) ]
[ info ] [ VIEW ] D:\phpStudy\PHPTutorial\WWW\wolfbolg\application\admin\view\public_foot.php [ array (
  0 => 'catalog_data',
  1 => 'controller',
  2 => 'action',
  3 => 'tempname',
  4 => 'notes',
  5 => 'info',
) ]
[ sql ] [ DB ] CONNECT:[ UseTime:0.011103s ] mysql:host=127.0.0.1;port=3306;dbname=blog_test;charset=utf8
[ sql ] [ SQL ] SHOW COLUMNS FROM `background` [ RunTime:0.006734s ]
[ sql ] [ SQL ] SELECT * FROM `background` WHERE  `id` = 1 LIMIT 1 [ RunTime:0.000353s ]
---------------------------------------------------------------
[2019-11-05T15:02:51+08:00] 127.0.0.1 POST www.crmeb.com/admin/background/edit/id/1.html
[运行时间：0.076889s] [吞吐率：13.01req/s] [内存消耗：2,745.09kb] [文件加载：82]
[ info ] [ LANG ] D:\phpStudy\PHPTutorial\WWW\wolfbolg\thinkphp\lang\zh-cn.php
[ info ] [ ROUTE ] array (
)
[ info ] [ HEADER ] array (
  'cookie' => 'PHPSESSID=36h3lh5u4unst3ntift6nme9e7',
  'accept-language' => 'zh-CN,zh;q=0.9,en-US;q=0.8,en;q=0.7',
  'accept-encoding' => 'gzip, deflate',
  'referer' => 'http://www.crmeb.com/admin/background/edit/id/1.html',
  'accept' => 'text/html,application/xhtml+xml,application/xml;q=0.9,image/webp,image/apng,*/*;q=0.8',
  'user-agent' => 'Mozilla/5.0 (Windows NT 10.0; Win64; x64) AppleWebKit/537.36 (KHTML, like Gecko) Chrome/76.0.3809.132 Safari/537.36 OPR/63.0.3368.107',
  'content-type' => 'multipart/form-data; boundary=----WebKitFormBoundaryU9UQBu1tDZNGrhoT',
  'upgrade-insecure-requests' => '1',
  'origin' => 'http://www.crmeb.com',
  'cache-control' => 'max-age=0',
  'content-length' => '78575',
  'connection' => 'close',
  'host' => 'www.crmeb.com',
)
[ info ] [ PARAM ] array (
  '/admin/background/edit/id/1_html' => '',
  'is_head' => '1',
  'is_main' => '1',
  'id' => '1',
)
[ info ] [ DB ] INIT mysql
[ info ] [ VIEW ] ./jump.html [ array (
  0 => 'catalog_data',
  1 => 'controller',
  2 => 'action',
  3 => 'tempname',
  4 => 'notes',
  5 => 'info',
  6 => 'code',
  7 => 'msg',
  8 => 'data',
  9 => 'url',
  10 => 'wait',
) ]
[ sql ] [ DB ] CONNECT:[ UseTime:0.000604s ] mysql:host=127.0.0.1;port=3306;dbname=blog_test;charset=utf8
[ sql ] [ SQL ] SHOW COLUMNS FROM `background` [ RunTime:0.009048s ]
[ sql ] [ SQL ] SELECT * FROM `background` WHERE  `id` = 1 LIMIT 1 [ RunTime:0.000399s ]
[ sql ] [ SQL ] UPDATE `background`  SET `is_head` = 1 , `is_main` = 1 , `main_back_img` = '\\uploads\\20191105\\449df4eb285c8e6ebebe05a8688db72d.jpg'  WHERE  `id` = 1 [ RunTime:0.002762s ]
---------------------------------------------------------------
[2019-11-05T15:02:52+08:00] 127.0.0.1 GET www.crmeb.com/admin/background/index.html
[运行时间：0.067436s] [吞吐率：14.83req/s] [内存消耗：2,799.00kb] [文件加载：86]
[ info ] [ LANG ] D:\phpStudy\PHPTutorial\WWW\wolfbolg\thinkphp\lang\zh-cn.php
[ info ] [ ROUTE ] array (
)
[ info ] [ HEADER ] array (
  'cookie' => 'PHPSESSID=36h3lh5u4unst3ntift6nme9e7',
  'accept-language' => 'zh-CN,zh;q=0.9,en-US;q=0.8,en;q=0.7',
  'accept-encoding' => 'gzip, deflate',
  'referer' => 'http://www.crmeb.com/admin/background/edit/id/1.html',
  'accept' => 'text/html,application/xhtml+xml,application/xml;q=0.9,image/webp,image/apng,*/*;q=0.8',
  'user-agent' => 'Mozilla/5.0 (Windows NT 10.0; Win64; x64) AppleWebKit/537.36 (KHTML, like Gecko) Chrome/76.0.3809.132 Safari/537.36 OPR/63.0.3368.107',
  'upgrade-insecure-requests' => '1',
  'connection' => 'close',
  'host' => 'www.crmeb.com',
)
[ info ] [ PARAM ] array (
  '/admin/background/index_html' => '',
)
[ info ] [ DB ] INIT mysql
[ info ] [ VIEW ] D:\phpStudy\PHPTutorial\WWW\wolfbolg\application\admin\view\public_head.php [ array (
  0 => 'catalog_data',
  1 => 'controller',
  2 => 'action',
  3 => 'tempname',
  4 => 'notes',
  5 => 'list',
  6 => 'pages',
) ]
[ info ] [ VIEW ] D:\phpStudy\PHPTutorial\WWW\wolfbolg\application\admin\view\background_index.php [ array (
  0 => 'catalog_data',
  1 => 'controller',
  2 => 'action',
  3 => 'tempname',
  4 => 'notes',
  5 => 'list',
  6 => 'pages',
) ]
[ info ] [ VIEW ] D:\phpStudy\PHPTutorial\WWW\wolfbolg\application\admin\view\public_foot.php [ array (
  0 => 'catalog_data',
  1 => 'controller',
  2 => 'action',
  3 => 'tempname',
  4 => 'notes',
  5 => 'list',
  6 => 'pages',
) ]
[ sql ] [ DB ] CONNECT:[ UseTime:0.010998s ] mysql:host=127.0.0.1;port=3306;dbname=blog_test;charset=utf8
[ sql ] [ SQL ] SHOW COLUMNS FROM `background` [ RunTime:0.006463s ]
[ sql ] [ SQL ] SELECT COUNT(*) AS tp_count FROM `background` [ RunTime:0.000319s ]
[ sql ] [ SQL ] SELECT * FROM `background` ORDER BY `id` DESC LIMIT 0,5 [ RunTime:0.000296s ]
---------------------------------------------------------------
[2019-11-05T15:02:57+08:00] 127.0.0.1 GET www.crmeb.com/
[运行时间：0.090214s] [吞吐率：11.08req/s] [内存消耗：2,835.95kb] [文件加载：85]
[ info ] [ LANG ] D:\phpStudy\PHPTutorial\WWW\wolfbolg\thinkphp\lang\zh-cn.php
[ info ] [ ROUTE ] array (
  'rule' => '',
  'route' => 'index/index',
  'option' => 
  array (
    'merge_rule_regex' => false,
    'complete_match' => true,
  ),
  'var' => 
  array (
  ),
)
[ info ] [ HEADER ] array (
  'cookie' => 'PHPSESSID=36h3lh5u4unst3ntift6nme9e7',
  'accept-language' => 'zh-CN,zh;q=0.9,en-US;q=0.8,en;q=0.7',
  'accept-encoding' => 'gzip, deflate',
  'accept' => 'text/html,application/xhtml+xml,application/xml;q=0.9,image/webp,image/apng,*/*;q=0.8',
  'user-agent' => 'Mozilla/5.0 (Windows NT 10.0; Win64; x64) AppleWebKit/537.36 (KHTML, like Gecko) Chrome/76.0.3809.132 Safari/537.36 OPR/63.0.3368.107',
  'upgrade-insecure-requests' => '1',
  'cache-control' => 'no-cache',
  'pragma' => 'no-cache',
  'connection' => 'close',
  'host' => 'www.crmeb.com',
)
[ info ] [ PARAM ] array (
)
[ info ] [ DB ] INIT mysql
[ info ] [ VIEW ] D:\phpStudy\PHPTutorial\WWW\wolfbolg\application\index/view/default/web/index_index.php [ array (
  0 => 'backimg',
  1 => 'page',
  2 => 'list',
  3 => 'type',
  4 => 'tops',
) ]
[ sql ] [ DB ] CONNECT:[ UseTime:0.011114s ] mysql:host=127.0.0.1;port=3306;dbname=blog_test;charset=utf8
[ sql ] [ SQL ] SHOW COLUMNS FROM `config` [ RunTime:0.007870s ]
[ sql ] [ SQL ] SELECT `tp_name` FROM `config` LIMIT 1 [ RunTime:0.000324s ]
[ sql ] [ SQL ] SHOW COLUMNS FROM `background` [ RunTime:0.010239s ]
[ sql ] [ SQL ] SELECT * FROM `background` WHERE  `id` = 1 LIMIT 1 [ RunTime:0.000436s ]
[ sql ] [ SQL ] SHOW COLUMNS FROM `article` [ RunTime:0.007284s ]
[ sql ] [ SQL ] SELECT COUNT(*) AS tp_count FROM `article` WHERE  `status` = 1 [ RunTime:0.000320s ]
[ sql ] [ SQL ] SELECT * FROM `article` WHERE  `status` = 1 LIMIT 0,5 [ RunTime:0.000315s ]
[ sql ] [ SQL ] SELECT `id`,`title`,`img` FROM `article` WHERE  `status` = 1  AND `img` <> '' ORDER BY id desc LIMIT 5 [ RunTime:0.001427s ]
[ sql ] [ SQL ] SHOW COLUMNS FROM `category` [ RunTime:0.007142s ]
[ sql ] [ SQL ] SELECT `id`,`title` FROM `category` WHERE  `status` = 1 ORDER BY `sort` ASC [ RunTime:0.000344s ]
---------------------------------------------------------------
[2019-11-05T15:03:08+08:00] 127.0.0.1 GET www.crmeb.com/admin/background/edit/id/1.html
[运行时间：0.053571s] [吞吐率：18.67req/s] [内存消耗：2,664.49kb] [文件加载：82]
[ info ] [ LANG ] D:\phpStudy\PHPTutorial\WWW\wolfbolg\thinkphp\lang\zh-cn.php
[ info ] [ ROUTE ] array (
)
[ info ] [ HEADER ] array (
  'cookie' => 'PHPSESSID=36h3lh5u4unst3ntift6nme9e7',
  'accept-language' => 'zh-CN,zh;q=0.9,en-US;q=0.8,en;q=0.7',
  'accept-encoding' => 'gzip, deflate',
  'referer' => 'http://www.crmeb.com/admin/background/index.html',
  'accept' => 'text/html,application/xhtml+xml,application/xml;q=0.9,image/webp,image/apng,*/*;q=0.8',
  'user-agent' => 'Mozilla/5.0 (Windows NT 10.0; Win64; x64) AppleWebKit/537.36 (KHTML, like Gecko) Chrome/76.0.3809.132 Safari/537.36 OPR/63.0.3368.107',
  'upgrade-insecure-requests' => '1',
  'connection' => 'close',
  'host' => 'www.crmeb.com',
)
[ info ] [ PARAM ] array (
  '/admin/background/edit/id/1_html' => '',
  'id' => '1',
)
[ info ] [ DB ] INIT mysql
[ info ] [ VIEW ] D:\phpStudy\PHPTutorial\WWW\wolfbolg\application\admin\view\public_head.php [ array (
  0 => 'catalog_data',
  1 => 'controller',
  2 => 'action',
  3 => 'tempname',
  4 => 'notes',
  5 => 'info',
) ]
[ info ] [ VIEW ] D:\phpStudy\PHPTutorial\WWW\wolfbolg\application\admin\view\background_edit.php [ array (
  0 => 'catalog_data',
  1 => 'controller',
  2 => 'action',
  3 => 'tempname',
  4 => 'notes',
  5 => 'info',
) ]
[ info ] [ VIEW ] D:\phpStudy\PHPTutorial\WWW\wolfbolg\application\admin\view\public_foot.php [ array (
  0 => 'catalog_data',
  1 => 'controller',
  2 => 'action',
  3 => 'tempname',
  4 => 'notes',
  5 => 'info',
) ]
[ sql ] [ DB ] CONNECT:[ UseTime:0.000971s ] mysql:host=127.0.0.1;port=3306;dbname=blog_test;charset=utf8
[ sql ] [ SQL ] SHOW COLUMNS FROM `background` [ RunTime:0.007618s ]
[ sql ] [ SQL ] SELECT * FROM `background` WHERE  `id` = 1 LIMIT 1 [ RunTime:0.000395s ]
---------------------------------------------------------------
[2019-11-05T15:03:20+08:00] 127.0.0.1 POST www.crmeb.com/admin/background/edit/id/1.html
[运行时间：0.081397s] [吞吐率：12.29req/s] [内存消耗：2,745.15kb] [文件加载：82]
[ info ] [ LANG ] D:\phpStudy\PHPTutorial\WWW\wolfbolg\thinkphp\lang\zh-cn.php
[ info ] [ ROUTE ] array (
)
[ info ] [ HEADER ] array (
  'cookie' => 'PHPSESSID=36h3lh5u4unst3ntift6nme9e7',
  'accept-language' => 'zh-CN,zh;q=0.9,en-US;q=0.8,en;q=0.7',
  'accept-encoding' => 'gzip, deflate',
  'referer' => 'http://www.crmeb.com/admin/background/edit/id/1.html',
  'accept' => 'text/html,application/xhtml+xml,application/xml;q=0.9,image/webp,image/apng,*/*;q=0.8',
  'user-agent' => 'Mozilla/5.0 (Windows NT 10.0; Win64; x64) AppleWebKit/537.36 (KHTML, like Gecko) Chrome/76.0.3809.132 Safari/537.36 OPR/63.0.3368.107',
  'content-type' => 'multipart/form-data; boundary=----WebKitFormBoundary637r1sTI3BKduMhw',
  'upgrade-insecure-requests' => '1',
  'origin' => 'http://www.crmeb.com',
  'cache-control' => 'max-age=0',
  'content-length' => '8077',
  'connection' => 'close',
  'host' => 'www.crmeb.com',
)
[ info ] [ PARAM ] array (
  '/admin/background/edit/id/1_html' => '',
  'is_head' => '1',
  'is_main' => '1',
  'id' => '1',
)
[ info ] [ DB ] INIT mysql
[ info ] [ VIEW ] ./jump.html [ array (
  0 => 'catalog_data',
  1 => 'controller',
  2 => 'action',
  3 => 'tempname',
  4 => 'notes',
  5 => 'info',
  6 => 'code',
  7 => 'msg',
  8 => 'data',
  9 => 'url',
  10 => 'wait',
) ]
[ sql ] [ DB ] CONNECT:[ UseTime:0.000607s ] mysql:host=127.0.0.1;port=3306;dbname=blog_test;charset=utf8
[ sql ] [ SQL ] SHOW COLUMNS FROM `background` [ RunTime:0.009531s ]
[ sql ] [ SQL ] SELECT * FROM `background` WHERE  `id` = 1 LIMIT 1 [ RunTime:0.000548s ]
[ sql ] [ SQL ] UPDATE `background`  SET `is_head` = 1 , `is_main` = 1 , `main_back_img` = '\\uploads\\20191105\\d29e09126bbdbd343a88910766af8174.jpg'  WHERE  `id` = 1 [ RunTime:0.005389s ]
---------------------------------------------------------------
[2019-11-05T15:03:21+08:00] 127.0.0.1 GET www.crmeb.com/admin/background/index.html
[运行时间：0.155655s] [吞吐率：6.42req/s] [内存消耗：2,799.00kb] [文件加载：86]
[ info ] [ LANG ] D:\phpStudy\PHPTutorial\WWW\wolfbolg\thinkphp\lang\zh-cn.php
[ info ] [ ROUTE ] array (
)
[ info ] [ HEADER ] array (
  'cookie' => 'PHPSESSID=36h3lh5u4unst3ntift6nme9e7',
  'accept-language' => 'zh-CN,zh;q=0.9,en-US;q=0.8,en;q=0.7',
  'accept-encoding' => 'gzip, deflate',
  'referer' => 'http://www.crmeb.com/admin/background/edit/id/1.html',
  'accept' => 'text/html,application/xhtml+xml,application/xml;q=0.9,image/webp,image/apng,*/*;q=0.8',
  'user-agent' => 'Mozilla/5.0 (Windows NT 10.0; Win64; x64) AppleWebKit/537.36 (KHTML, like Gecko) Chrome/76.0.3809.132 Safari/537.36 OPR/63.0.3368.107',
  'upgrade-insecure-requests' => '1',
  'connection' => 'close',
  'host' => 'www.crmeb.com',
)
[ info ] [ PARAM ] array (
  '/admin/background/index_html' => '',
)
[ info ] [ DB ] INIT mysql
[ info ] [ VIEW ] D:\phpStudy\PHPTutorial\WWW\wolfbolg\application\admin\view\public_head.php [ array (
  0 => 'catalog_data',
  1 => 'controller',
  2 => 'action',
  3 => 'tempname',
  4 => 'notes',
  5 => 'list',
  6 => 'pages',
) ]
[ info ] [ VIEW ] D:\phpStudy\PHPTutorial\WWW\wolfbolg\application\admin\view\background_index.php [ array (
  0 => 'catalog_data',
  1 => 'controller',
  2 => 'action',
  3 => 'tempname',
  4 => 'notes',
  5 => 'list',
  6 => 'pages',
) ]
[ info ] [ VIEW ] D:\phpStudy\PHPTutorial\WWW\wolfbolg\application\admin\view\public_foot.php [ array (
  0 => 'catalog_data',
  1 => 'controller',
  2 => 'action',
  3 => 'tempname',
  4 => 'notes',
  5 => 'list',
  6 => 'pages',
) ]
[ sql ] [ DB ] CONNECT:[ UseTime:0.011194s ] mysql:host=127.0.0.1;port=3306;dbname=blog_test;charset=utf8
[ sql ] [ SQL ] SHOW COLUMNS FROM `background` [ RunTime:0.104532s ]
[ sql ] [ SQL ] SELECT COUNT(*) AS tp_count FROM `background` [ RunTime:0.000349s ]
[ sql ] [ SQL ] SELECT * FROM `background` ORDER BY `id` DESC LIMIT 0,5 [ RunTime:0.000318s ]
---------------------------------------------------------------
[2019-11-05T15:03:25+08:00] 127.0.0.1 GET www.crmeb.com/
[运行时间：0.077841s] [吞吐率：12.85req/s] [内存消耗：2,835.95kb] [文件加载：85]
[ info ] [ LANG ] D:\phpStudy\PHPTutorial\WWW\wolfbolg\thinkphp\lang\zh-cn.php
[ info ] [ ROUTE ] array (
  'rule' => '',
  'route' => 'index/index',
  'option' => 
  array (
    'merge_rule_regex' => false,
    'complete_match' => true,
  ),
  'var' => 
  array (
  ),
)
[ info ] [ HEADER ] array (
  'cookie' => 'PHPSESSID=36h3lh5u4unst3ntift6nme9e7',
  'accept-language' => 'zh-CN,zh;q=0.9,en-US;q=0.8,en;q=0.7',
  'accept-encoding' => 'gzip, deflate',
  'accept' => 'text/html,application/xhtml+xml,application/xml;q=0.9,image/webp,image/apng,*/*;q=0.8',
  'user-agent' => 'Mozilla/5.0 (Windows NT 10.0; Win64; x64) AppleWebKit/537.36 (KHTML, like Gecko) Chrome/76.0.3809.132 Safari/537.36 OPR/63.0.3368.107',
  'upgrade-insecure-requests' => '1',
  'cache-control' => 'no-cache',
  'pragma' => 'no-cache',
  'connection' => 'close',
  'host' => 'www.crmeb.com',
)
[ info ] [ PARAM ] array (
)
[ info ] [ DB ] INIT mysql
[ info ] [ VIEW ] D:\phpStudy\PHPTutorial\WWW\wolfbolg\application\index/view/default/web/index_index.php [ array (
  0 => 'backimg',
  1 => 'page',
  2 => 'list',
  3 => 'type',
  4 => 'tops',
) ]
[ sql ] [ DB ] CONNECT:[ UseTime:0.000577s ] mysql:host=127.0.0.1;port=3306;dbname=blog_test;charset=utf8
[ sql ] [ SQL ] SHOW COLUMNS FROM `config` [ RunTime:0.009348s ]
[ sql ] [ SQL ] SELECT `tp_name` FROM `config` LIMIT 1 [ RunTime:0.000258s ]
[ sql ] [ SQL ] SHOW COLUMNS FROM `background` [ RunTime:0.008856s ]
[ sql ] [ SQL ] SELECT * FROM `background` WHERE  `id` = 1 LIMIT 1 [ RunTime:0.000476s ]
[ sql ] [ SQL ] SHOW COLUMNS FROM `article` [ RunTime:0.006465s ]
[ sql ] [ SQL ] SELECT COUNT(*) AS tp_count FROM `article` WHERE  `status` = 1 [ RunTime:0.000299s ]
[ sql ] [ SQL ] SELECT * FROM `article` WHERE  `status` = 1 LIMIT 0,5 [ RunTime:0.000232s ]
[ sql ] [ SQL ] SELECT `id`,`title`,`img` FROM `article` WHERE  `status` = 1  AND `img` <> '' ORDER BY id desc LIMIT 5 [ RunTime:0.000260s ]
[ sql ] [ SQL ] SHOW COLUMNS FROM `category` [ RunTime:0.009164s ]
[ sql ] [ SQL ] SELECT `id`,`title` FROM `category` WHERE  `status` = 1 ORDER BY `sort` ASC [ RunTime:0.000353s ]
---------------------------------------------------------------
[2019-11-05T15:39:56+08:00] 127.0.0.1 GET www.crmeb.com/?type=1
[运行时间：0.118830s] [吞吐率：8.42req/s] [内存消耗：2,993.13kb] [文件加载：88]
[ info ] [ LANG ] D:\phpStudy\PHPTutorial\WWW\wolfbolg\thinkphp\lang\zh-cn.php
[ info ] [ ROUTE ] array (
  'rule' => '',
  'route' => 'index/index',
  'option' => 
  array (
    'merge_rule_regex' => false,
    'complete_match' => true,
  ),
  'var' => 
  array (
  ),
)
[ info ] [ HEADER ] array (
  'cookie' => 'PHPSESSID=36h3lh5u4unst3ntift6nme9e7',
  'accept-language' => 'zh-CN,zh;q=0.9,en-US;q=0.8,en;q=0.7',
  'accept-encoding' => 'gzip, deflate',
  'referer' => 'http://www.crmeb.com/',
  'accept' => 'text/html,application/xhtml+xml,application/xml;q=0.9,image/webp,image/apng,*/*;q=0.8',
  'user-agent' => 'Mozilla/5.0 (Windows NT 10.0; Win64; x64) AppleWebKit/537.36 (KHTML, like Gecko) Chrome/76.0.3809.132 Safari/537.36 OPR/63.0.3368.107',
  'upgrade-insecure-requests' => '1',
  'connection' => 'close',
  'host' => 'www.crmeb.com',
)
[ info ] [ PARAM ] array (
  'type' => '1',
)
[ info ] [ DB ] INIT mysql
[ info ] [ VIEW ] D:\phpStudy\PHPTutorial\WWW\wolfbolg\application\index/view/default/web/index_index.php [ array (
  0 => 'backimg',
  1 => 'page',
  2 => 'list',
  3 => 'type',
  4 => 'tops',
) ]
[ sql ] [ DB ] CONNECT:[ UseTime:0.003371s ] mysql:host=127.0.0.1;port=3306;dbname=blog_test;charset=utf8
[ sql ] [ SQL ] SHOW COLUMNS FROM `config` [ RunTime:0.008552s ]
[ sql ] [ SQL ] SELECT `tp_name` FROM `config` LIMIT 1 [ RunTime:0.000389s ]
[ sql ] [ SQL ] SHOW COLUMNS FROM `background` [ RunTime:0.010733s ]
[ sql ] [ SQL ] SELECT * FROM `background` WHERE  `id` = 1 LIMIT 1 [ RunTime:0.000449s ]
[ sql ] [ SQL ] SHOW COLUMNS FROM `article` [ RunTime:0.016508s ]
[ sql ] [ SQL ] SELECT COUNT(*) AS tp_count FROM `article` WHERE  `status` = 1  AND `type` = 1 [ RunTime:0.000321s ]
[ sql ] [ SQL ] SELECT * FROM `article` WHERE  `status` = 1  AND `type` = 1 LIMIT 0,5 [ RunTime:0.000245s ]
[ sql ] [ SQL ] SELECT `id`,`title`,`img` FROM `article` WHERE  `type` = 1  AND `status` = 1  AND `img` <> '' ORDER BY id desc LIMIT 5 [ RunTime:0.000341s ]
[ sql ] [ SQL ] SHOW COLUMNS FROM `category` [ RunTime:0.008519s ]
[ sql ] [ SQL ] SELECT `id`,`title` FROM `category` WHERE  `status` = 1 ORDER BY `sort` ASC [ RunTime:0.000391s ]
---------------------------------------------------------------
[2019-11-05T15:39:58+08:00] 127.0.0.1 GET www.crmeb.com/?type=2
[运行时间：0.180526s] [吞吐率：5.54req/s] [内存消耗：2,836.41kb] [文件加载：85]
[ info ] [ LANG ] D:\phpStudy\PHPTutorial\WWW\wolfbolg\thinkphp\lang\zh-cn.php
[ info ] [ ROUTE ] array (
  'rule' => '',
  'route' => 'index/index',
  'option' => 
  array (
    'merge_rule_regex' => false,
    'complete_match' => true,
  ),
  'var' => 
  array (
  ),
)
[ info ] [ HEADER ] array (
  'cookie' => 'PHPSESSID=36h3lh5u4unst3ntift6nme9e7',
  'accept-language' => 'zh-CN,zh;q=0.9,en-US;q=0.8,en;q=0.7',
  'accept-encoding' => 'gzip, deflate',
  'referer' => 'http://www.crmeb.com/?type=1',
  'accept' => 'text/html,application/xhtml+xml,application/xml;q=0.9,image/webp,image/apng,*/*;q=0.8',
  'user-agent' => 'Mozilla/5.0 (Windows NT 10.0; Win64; x64) AppleWebKit/537.36 (KHTML, like Gecko) Chrome/76.0.3809.132 Safari/537.36 OPR/63.0.3368.107',
  'upgrade-insecure-requests' => '1',
  'connection' => 'close',
  'host' => 'www.crmeb.com',
)
[ info ] [ PARAM ] array (
  'type' => '2',
)
[ info ] [ DB ] INIT mysql
[ info ] [ VIEW ] D:\phpStudy\PHPTutorial\WWW\wolfbolg\application\index/view/default/web/index_index.php [ array (
  0 => 'backimg',
  1 => 'page',
  2 => 'list',
  3 => 'type',
  4 => 'tops',
) ]
[ sql ] [ DB ] CONNECT:[ UseTime:0.000650s ] mysql:host=127.0.0.1;port=3306;dbname=blog_test;charset=utf8
[ sql ] [ SQL ] SHOW COLUMNS FROM `config` [ RunTime:0.009729s ]
[ sql ] [ SQL ] SELECT `tp_name` FROM `config` LIMIT 1 [ RunTime:0.000376s ]
[ sql ] [ SQL ] SHOW COLUMNS FROM `background` [ RunTime:0.058278s ]
[ sql ] [ SQL ] SELECT * FROM `background` WHERE  `id` = 1 LIMIT 1 [ RunTime:0.000352s ]
[ sql ] [ SQL ] SHOW COLUMNS FROM `article` [ RunTime:0.032291s ]
[ sql ] [ SQL ] SELECT COUNT(*) AS tp_count FROM `article` WHERE  `status` = 1  AND `type` = 2 [ RunTime:0.000265s ]
[ sql ] [ SQL ] SELECT * FROM `article` WHERE  `status` = 1  AND `type` = 2 LIMIT 0,5 [ RunTime:0.000202s ]
[ sql ] [ SQL ] SELECT `id`,`title`,`img` FROM `article` WHERE  `type` = 2  AND `status` = 1  AND `img` <> '' ORDER BY id desc LIMIT 5 [ RunTime:0.000264s ]
[ sql ] [ SQL ] SHOW COLUMNS FROM `category` [ RunTime:0.010554s ]
[ sql ] [ SQL ] SELECT `id`,`title` FROM `category` WHERE  `status` = 1 ORDER BY `sort` ASC [ RunTime:0.000444s ]
---------------------------------------------------------------
[2019-11-05T15:39:59+08:00] 127.0.0.1 GET www.crmeb.com/
[运行时间：0.081490s] [吞吐率：12.27req/s] [内存消耗：2,835.90kb] [文件加载：85]
[ info ] [ LANG ] D:\phpStudy\PHPTutorial\WWW\wolfbolg\thinkphp\lang\zh-cn.php
[ info ] [ ROUTE ] array (
  'rule' => '',
  'route' => 'index/index',
  'option' => 
  array (
    'merge_rule_regex' => false,
    'complete_match' => true,
  ),
  'var' => 
  array (
  ),
)
[ info ] [ HEADER ] array (
  'cookie' => 'PHPSESSID=36h3lh5u4unst3ntift6nme9e7',
  'accept-language' => 'zh-CN,zh;q=0.9,en-US;q=0.8,en;q=0.7',
  'accept-encoding' => 'gzip, deflate',
  'referer' => 'http://www.crmeb.com/?type=2',
  'accept' => 'text/html,application/xhtml+xml,application/xml;q=0.9,image/webp,image/apng,*/*;q=0.8',
  'user-agent' => 'Mozilla/5.0 (Windows NT 10.0; Win64; x64) AppleWebKit/537.36 (KHTML, like Gecko) Chrome/76.0.3809.132 Safari/537.36 OPR/63.0.3368.107',
  'upgrade-insecure-requests' => '1',
  'connection' => 'close',
  'host' => 'www.crmeb.com',
)
[ info ] [ PARAM ] array (
)
[ info ] [ DB ] INIT mysql
[ info ] [ VIEW ] D:\phpStudy\PHPTutorial\WWW\wolfbolg\application\index/view/default/web/index_index.php [ array (
  0 => 'backimg',
  1 => 'page',
  2 => 'list',
  3 => 'type',
  4 => 'tops',
) ]
[ sql ] [ DB ] CONNECT:[ UseTime:0.000658s ] mysql:host=127.0.0.1;port=3306;dbname=blog_test;charset=utf8
[ sql ] [ SQL ] SHOW COLUMNS FROM `config` [ RunTime:0.010783s ]
[ sql ] [ SQL ] SELECT `tp_name` FROM `config` LIMIT 1 [ RunTime:0.000323s ]
[ sql ] [ SQL ] SHOW COLUMNS FROM `background` [ RunTime:0.008049s ]
[ sql ] [ SQL ] SELECT * FROM `background` WHERE  `id` = 1 LIMIT 1 [ RunTime:0.000708s ]
[ sql ] [ SQL ] SHOW COLUMNS FROM `article` [ RunTime:0.007246s ]
[ sql ] [ SQL ] SELECT COUNT(*) AS tp_count FROM `article` WHERE  `status` = 1 [ RunTime:0.000313s ]
[ sql ] [ SQL ] SELECT * FROM `article` WHERE  `status` = 1 LIMIT 0,5 [ RunTime:0.000296s ]
[ sql ] [ SQL ] SELECT `id`,`title`,`img` FROM `article` WHERE  `status` = 1  AND `img` <> '' ORDER BY id desc LIMIT 5 [ RunTime:0.000310s ]
[ sql ] [ SQL ] SHOW COLUMNS FROM `category` [ RunTime:0.008745s ]
[ sql ] [ SQL ] SELECT `id`,`title` FROM `category` WHERE  `status` = 1 ORDER BY `sort` ASC [ RunTime:0.000344s ]
---------------------------------------------------------------
[2019-11-05T15:47:13+08:00] 127.0.0.1 GET www.crmeb.com/
[运行时间：0.109704s] [吞吐率：9.12req/s] [内存消耗：2,998.11kb] [文件加载：88]
[ info ] [ LANG ] D:\phpStudy\PHPTutorial\WWW\wolfbolg\thinkphp\lang\zh-cn.php
[ info ] [ ROUTE ] array (
  'rule' => '',
  'route' => 'index/index',
  'option' => 
  array (
    'merge_rule_regex' => false,
    'complete_match' => true,
  ),
  'var' => 
  array (
  ),
)
[ info ] [ HEADER ] array (
  'cookie' => 'PHPSESSID=36h3lh5u4unst3ntift6nme9e7',
  'accept-language' => 'zh-CN,zh;q=0.9,en-US;q=0.8,en;q=0.7',
  'accept-encoding' => 'gzip, deflate',
  'referer' => 'http://www.crmeb.com/?type=2',
  'accept' => 'text/html,application/xhtml+xml,application/xml;q=0.9,image/webp,image/apng,*/*;q=0.8',
  'user-agent' => 'Mozilla/5.0 (Windows NT 10.0; Win64; x64) AppleWebKit/537.36 (KHTML, like Gecko) Chrome/76.0.3809.132 Safari/537.36 OPR/63.0.3368.107',
  'upgrade-insecure-requests' => '1',
  'cache-control' => 'no-cache',
  'pragma' => 'no-cache',
  'connection' => 'close',
  'host' => 'www.crmeb.com',
)
[ info ] [ PARAM ] array (
)
[ info ] [ DB ] INIT mysql
[ info ] [ VIEW ] D:\phpStudy\PHPTutorial\WWW\wolfbolg\application\index/view/default/web/index_index.php [ array (
  0 => 'backimg',
  1 => 'page',
  2 => 'list',
  3 => 'type',
  4 => 'tops',
) ]
[ sql ] [ DB ] CONNECT:[ UseTime:0.012283s ] mysql:host=127.0.0.1;port=3306;dbname=blog_test;charset=utf8
[ sql ] [ SQL ] SHOW COLUMNS FROM `config` [ RunTime:0.007420s ]
[ sql ] [ SQL ] SELECT `tp_name` FROM `config` LIMIT 1 [ RunTime:0.000321s ]
[ sql ] [ SQL ] SHOW COLUMNS FROM `background` [ RunTime:0.009552s ]
[ sql ] [ SQL ] SELECT * FROM `background` WHERE  `id` = 1 LIMIT 1 [ RunTime:0.000454s ]
[ sql ] [ SQL ] SHOW COLUMNS FROM `article` [ RunTime:0.007983s ]
[ sql ] [ SQL ] SELECT COUNT(*) AS tp_count FROM `article` WHERE  `status` = 1 [ RunTime:0.000649s ]
[ sql ] [ SQL ] SELECT * FROM `article` WHERE  `status` = 1 LIMIT 0,5 [ RunTime:0.000511s ]
[ sql ] [ SQL ] SELECT `id`,`title`,`img` FROM `article` WHERE  `status` = 1  AND `img` <> '' ORDER BY id desc LIMIT 5 [ RunTime:0.000482s ]
[ sql ] [ SQL ] SHOW COLUMNS FROM `category` [ RunTime:0.009025s ]
[ sql ] [ SQL ] SELECT `id`,`title` FROM `category` WHERE  `status` = 1 ORDER BY `sort` ASC [ RunTime:0.000350s ]
---------------------------------------------------------------
[2019-11-05T15:58:57+08:00] 127.0.0.1 GET www.crmeb.com/
[运行时间：0.111699s] [吞吐率：8.95req/s] [内存消耗：2,992.51kb] [文件加载：88]
[ info ] [ LANG ] D:\phpStudy\PHPTutorial\WWW\wolfbolg\thinkphp\lang\zh-cn.php
[ info ] [ ROUTE ] array (
  'rule' => '',
  'route' => 'index/index',
  'option' => 
  array (
    'merge_rule_regex' => false,
    'complete_match' => true,
  ),
  'var' => 
  array (
  ),
)
[ info ] [ HEADER ] array (
  'cookie' => 'PHPSESSID=36h3lh5u4unst3ntift6nme9e7',
  'accept-language' => 'zh-CN,zh;q=0.9,en-US;q=0.8,en;q=0.7',
  'accept-encoding' => 'gzip, deflate',
  'referer' => 'http://www.crmeb.com/?type=2',
  'accept' => 'text/html,application/xhtml+xml,application/xml;q=0.9,image/webp,image/apng,*/*;q=0.8',
  'user-agent' => 'Mozilla/5.0 (Windows NT 10.0; Win64; x64) AppleWebKit/537.36 (KHTML, like Gecko) Chrome/76.0.3809.132 Safari/537.36 OPR/63.0.3368.107',
  'upgrade-insecure-requests' => '1',
  'cache-control' => 'no-cache',
  'pragma' => 'no-cache',
  'connection' => 'close',
  'host' => 'www.crmeb.com',
)
[ info ] [ PARAM ] array (
)
[ info ] [ DB ] INIT mysql
[ info ] [ VIEW ] D:\phpStudy\PHPTutorial\WWW\wolfbolg\application\index/view/default/web/index_index.php [ array (
  0 => 'backimg',
  1 => 'page',
  2 => 'list',
  3 => 'type',
  4 => 'tops',
) ]
[ sql ] [ DB ] CONNECT:[ UseTime:0.011760s ] mysql:host=127.0.0.1;port=3306;dbname=blog_test;charset=utf8
[ sql ] [ SQL ] SHOW COLUMNS FROM `config` [ RunTime:0.006778s ]
[ sql ] [ SQL ] SELECT `tp_name` FROM `config` LIMIT 1 [ RunTime:0.000632s ]
[ sql ] [ SQL ] SHOW COLUMNS FROM `background` [ RunTime:0.007967s ]
[ sql ] [ SQL ] SELECT * FROM `background` WHERE  `id` = 1 LIMIT 1 [ RunTime:0.000406s ]
[ sql ] [ SQL ] SHOW COLUMNS FROM `article` [ RunTime:0.008992s ]
[ sql ] [ SQL ] SELECT COUNT(*) AS tp_count FROM `article` WHERE  `status` = 1 [ RunTime:0.000318s ]
[ sql ] [ SQL ] SELECT * FROM `article` WHERE  `status` = 1 LIMIT 0,5 [ RunTime:0.000307s ]
[ sql ] [ SQL ] SELECT `id`,`title`,`img` FROM `article` WHERE  `status` = 1  AND `img` <> '' ORDER BY id desc LIMIT 5 [ RunTime:0.000490s ]
[ sql ] [ SQL ] SHOW COLUMNS FROM `category` [ RunTime:0.007923s ]
[ sql ] [ SQL ] SELECT `id`,`title` FROM `category` WHERE  `status` = 1 ORDER BY `sort` ASC [ RunTime:0.000344s ]
---------------------------------------------------------------
[2019-11-05T15:58:57+08:00] 127.0.0.1 GET www.crmeb.com/src/blog/css/blog-clock.css
[运行时间：0.044147s] [吞吐率：22.65req/s] [内存消耗：1,058.95kb] [文件加载：47]
[ info ] [ LANG ] D:\phpStudy\PHPTutorial\WWW\wolfbolg\thinkphp\lang\zh-cn.php
---------------------------------------------------------------
[2019-11-05T16:00:54+08:00] 127.0.0.1 GET www.crmeb.com/
[运行时间：0.086937s] [吞吐率：11.50req/s] [内存消耗：2,835.94kb] [文件加载：85]
[ info ] [ LANG ] D:\phpStudy\PHPTutorial\WWW\wolfbolg\thinkphp\lang\zh-cn.php
[ info ] [ ROUTE ] array (
  'rule' => '',
  'route' => 'index/index',
  'option' => 
  array (
    'merge_rule_regex' => false,
    'complete_match' => true,
  ),
  'var' => 
  array (
  ),
)
[ info ] [ HEADER ] array (
  'cookie' => 'PHPSESSID=36h3lh5u4unst3ntift6nme9e7',
  'accept-language' => 'zh-CN,zh;q=0.9,en-US;q=0.8,en;q=0.7',
  'accept-encoding' => 'gzip, deflate',
  'referer' => 'http://www.crmeb.com/',
  'accept' => 'text/html,application/xhtml+xml,application/xml;q=0.9,image/webp,image/apng,*/*;q=0.8',
  'user-agent' => 'Mozilla/5.0 (Windows NT 10.0; Win64; x64) AppleWebKit/537.36 (KHTML, like Gecko) Chrome/76.0.3809.132 Safari/537.36 OPR/63.0.3368.107',
  'upgrade-insecure-requests' => '1',
  'connection' => 'close',
  'host' => 'www.crmeb.com',
)
[ info ] [ PARAM ] array (
)
[ info ] [ DB ] INIT mysql
[ info ] [ VIEW ] D:\phpStudy\PHPTutorial\WWW\wolfbolg\application\index/view/default/web/index_index.php [ array (
  0 => 'backimg',
  1 => 'page',
  2 => 'list',
  3 => 'type',
  4 => 'tops',
) ]
[ sql ] [ DB ] CONNECT:[ UseTime:0.011287s ] mysql:host=127.0.0.1;port=3306;dbname=blog_test;charset=utf8
[ sql ] [ SQL ] SHOW COLUMNS FROM `config` [ RunTime:0.006541s ]
[ sql ] [ SQL ] SELECT `tp_name` FROM `config` LIMIT 1 [ RunTime:0.000321s ]
[ sql ] [ SQL ] SHOW COLUMNS FROM `background` [ RunTime:0.008246s ]
[ sql ] [ SQL ] SELECT * FROM `background` WHERE  `id` = 1 LIMIT 1 [ RunTime:0.000407s ]
[ sql ] [ SQL ] SHOW COLUMNS FROM `article` [ RunTime:0.006856s ]
[ sql ] [ SQL ] SELECT COUNT(*) AS tp_count FROM `article` WHERE  `status` = 1 [ RunTime:0.000298s ]
[ sql ] [ SQL ] SELECT * FROM `article` WHERE  `status` = 1 LIMIT 0,5 [ RunTime:0.000278s ]
[ sql ] [ SQL ] SELECT `id`,`title`,`img` FROM `article` WHERE  `status` = 1  AND `img` <> '' ORDER BY id desc LIMIT 5 [ RunTime:0.000428s ]
[ sql ] [ SQL ] SHOW COLUMNS FROM `category` [ RunTime:0.007434s ]
[ sql ] [ SQL ] SELECT `id`,`title` FROM `category` WHERE  `status` = 1 ORDER BY `sort` ASC [ RunTime:0.000279s ]
---------------------------------------------------------------
[2019-11-05T16:00:54+08:00] 127.0.0.1 GET www.crmeb.com/src/blog/css/blog-clock.css
[运行时间：0.032634s] [吞吐率：30.64req/s] [内存消耗：1,059.04kb] [文件加载：47]
[ info ] [ LANG ] D:\phpStudy\PHPTutorial\WWW\wolfbolg\thinkphp\lang\zh-cn.php
