---------------------------------------------------------------
[2019-10-11T09:20:36+08:00] 127.0.0.1 GET www.crmeb.com/info/1/
[运行时间：0.082538s] [吞吐率：12.12req/s] [内存消耗：2,844.51kb] [文件加载：82]
[ info ] [ LANG ] D:\phpStudy\PHPTutorial\WWW\wolfbolg\thinkphp\lang\zh-cn.php
[ info ] [ ROUTE ] array (
  'rule' => 'info/<id>',
  'route' => 'index/Info/index',
  'option' => 
  array (
    'merge_rule_regex' => false,
  ),
  'var' => 
  array (
    'id' => '1',
  ),
)
[ info ] [ HEADER ] array (
  'cookie' => 'PHPSESSID=36h3lh5u4unst3ntift6nme9e7',
  'accept-language' => 'zh-CN,zh;q=0.9,en-US;q=0.8,en;q=0.7',
  'accept-encoding' => 'gzip, deflate',
  'referer' => 'http://www.crmeb.com/',
  'accept' => 'text/html,application/xhtml+xml,application/xml;q=0.9,image/webp,image/apng,*/*;q=0.8',
  'user-agent' => 'Mozilla/5.0 (Windows NT 10.0; Win64; x64) AppleWebKit/537.36 (KHTML, like Gecko) Chrome/76.0.3809.132 Safari/537.36 OPR/63.0.3368.107',
  'upgrade-insecure-requests' => '1',
  'connection' => 'close',
  'host' => 'www.crmeb.com',
)
[ info ] [ PARAM ] array (
  '/info/1/' => '',
  'id' => '1',
)
[ info ] [ DB ] INIT mysql
[ info ] [ VIEW ] D:\phpStudy\PHPTutorial\WWW\wolfbolg\application\index/view/default/web/info_index.php [ array (
  0 => 'backimg',
  1 => 'info',
  2 => 'type',
  3 => 'title',
) ]
[ sql ] [ DB ] CONNECT:[ UseTime:0.001737s ] mysql:host=127.0.0.1;port=3306;dbname=blog_test;charset=utf8
[ sql ] [ SQL ] SHOW COLUMNS FROM `config` [ RunTime:0.006854s ]
[ sql ] [ SQL ] SELECT `tp_name` FROM `config` LIMIT 1 [ RunTime:0.000521s ]
[ sql ] [ SQL ] SHOW COLUMNS FROM `background` [ RunTime:0.006322s ]
[ sql ] [ SQL ] SELECT * FROM `background` WHERE  `id` = 1 LIMIT 1 [ RunTime:0.000405s ]
[ sql ] [ SQL ] SHOW COLUMNS FROM `article` [ RunTime:0.005731s ]
[ sql ] [ SQL ] SELECT * FROM `article` WHERE  `id` = 1 LIMIT 1 [ RunTime:0.000326s ]
[ sql ] [ SQL ] SHOW COLUMNS FROM `category` [ RunTime:0.007113s ]
[ sql ] [ SQL ] SELECT `id`,`title` FROM `category` WHERE  `status` = 1 ORDER BY `sort` ASC [ RunTime:0.000580s ]
[ sql ] [ SQL ] SELECT `id`,`title` FROM `category` WHERE  `status` = 1 ORDER BY `sort` ASC [ RunTime:0.000404s ]
---------------------------------------------------------------
[2019-10-11T09:20:36+08:00] 127.0.0.1 GET www.crmeb.com/static/api/js/share.js?v=89860593.js?cdnversion=436320
[运行时间：0.020452s] [吞吐率：48.89req/s] [内存消耗：1,059.22kb] [文件加载：47]
[ info ] [ LANG ] D:\phpStudy\PHPTutorial\WWW\wolfbolg\thinkphp\lang\zh-cn.php
---------------------------------------------------------------
[2019-10-11T09:20:40+08:00] 127.0.0.1 GET www.crmeb.com/
[运行时间：0.083403s] [吞吐率：11.99req/s] [内存消耗：3,092.84kb] [文件加载：88]
[ info ] [ LANG ] D:\phpStudy\PHPTutorial\WWW\wolfbolg\thinkphp\lang\zh-cn.php
[ info ] [ ROUTE ] array (
  'rule' => '',
  'route' => 'index/index',
  'option' => 
  array (
    'merge_rule_regex' => false,
    'complete_match' => true,
  ),
  'var' => 
  array (
  ),
)
[ info ] [ HEADER ] array (
  'cookie' => 'PHPSESSID=36h3lh5u4unst3ntift6nme9e7',
  'accept-language' => 'zh-CN,zh;q=0.9,en-US;q=0.8,en;q=0.7',
  'accept-encoding' => 'gzip, deflate',
  'referer' => 'http://www.crmeb.com/',
  'accept' => 'text/html,application/xhtml+xml,application/xml;q=0.9,image/webp,image/apng,*/*;q=0.8',
  'user-agent' => 'Mozilla/5.0 (Windows NT 10.0; Win64; x64) AppleWebKit/537.36 (KHTML, like Gecko) Chrome/76.0.3809.132 Safari/537.36 OPR/63.0.3368.107',
  'upgrade-insecure-requests' => '1',
  'connection' => 'close',
  'host' => 'www.crmeb.com',
)
[ info ] [ PARAM ] array (
)
[ info ] [ DB ] INIT mysql
[ info ] [ VIEW ] D:\phpStudy\PHPTutorial\WWW\wolfbolg\application\index/view/default/web/index_index.php [ array (
  0 => 'backimg',
  1 => 'page',
  2 => 'list',
  3 => 'type',
  4 => 'tops',
) ]
[ sql ] [ DB ] CONNECT:[ UseTime:0.010496s ] mysql:host=127.0.0.1;port=3306;dbname=blog_test;charset=utf8
[ sql ] [ SQL ] SHOW COLUMNS FROM `config` [ RunTime:0.006516s ]
[ sql ] [ SQL ] SELECT `tp_name` FROM `config` LIMIT 1 [ RunTime:0.000286s ]
[ sql ] [ SQL ] SHOW COLUMNS FROM `background` [ RunTime:0.005662s ]
[ sql ] [ SQL ] SELECT * FROM `background` WHERE  `id` = 1 LIMIT 1 [ RunTime:0.000374s ]
[ sql ] [ SQL ] SHOW COLUMNS FROM `article` [ RunTime:0.007034s ]
[ sql ] [ SQL ] SELECT COUNT(*) AS tp_count FROM `article` WHERE  `status` = 1 [ RunTime:0.000325s ]
[ sql ] [ SQL ] SELECT * FROM `article` WHERE  `status` = 1 LIMIT 0,5 [ RunTime:0.000413s ]
[ sql ] [ SQL ] SELECT `id`,`title`,`img` FROM `article` WHERE  `status` = 1  AND `img` <> '' ORDER BY id desc LIMIT 5 [ RunTime:0.000319s ]
[ sql ] [ SQL ] SHOW COLUMNS FROM `category` [ RunTime:0.007600s ]
[ sql ] [ SQL ] SELECT `id`,`title` FROM `category` WHERE  `status` = 1 ORDER BY `sort` ASC [ RunTime:0.000318s ]
[ sql ] [ SQL ] SELECT `id`,`title` FROM `category` WHERE  `status` = 1 ORDER BY `sort` ASC [ RunTime:0.000255s ]
[ sql ] [ SQL ] SELECT `id`,`title` FROM `category` WHERE  `status` = 1 ORDER BY `sort` ASC [ RunTime:0.000276s ]
[ sql ] [ SQL ] SELECT `id`,`title` FROM `category` WHERE  `status` = 1 ORDER BY `sort` ASC [ RunTime:0.000289s ]
[ sql ] [ SQL ] SELECT `id`,`title` FROM `category` WHERE  `status` = 1 ORDER BY `sort` ASC [ RunTime:0.000287s ]
[ sql ] [ SQL ] SELECT `id`,`title` FROM `category` WHERE  `status` = 1 ORDER BY `sort` ASC [ RunTime:0.000286s ]
---------------------------------------------------------------
[2019-10-11T09:20:41+08:00] 127.0.0.1 GET www.crmeb.com/?type=1
[运行时间：0.105967s] [吞吐率：9.44req/s] [内存消耗：2,880.94kb] [文件加载：85]
[ info ] [ LANG ] D:\phpStudy\PHPTutorial\WWW\wolfbolg\thinkphp\lang\zh-cn.php
[ info ] [ ROUTE ] array (
  'rule' => '',
  'route' => 'index/index',
  'option' => 
  array (
    'merge_rule_regex' => false,
    'complete_match' => true,
  ),
  'var' => 
  array (
  ),
)
[ info ] [ HEADER ] array (
  'cookie' => 'PHPSESSID=36h3lh5u4unst3ntift6nme9e7',
  'accept-language' => 'zh-CN,zh;q=0.9,en-US;q=0.8,en;q=0.7',
  'accept-encoding' => 'gzip, deflate',
  'referer' => 'http://www.crmeb.com/',
  'accept' => 'text/html,application/xhtml+xml,application/xml;q=0.9,image/webp,image/apng,*/*;q=0.8',
  'user-agent' => 'Mozilla/5.0 (Windows NT 10.0; Win64; x64) AppleWebKit/537.36 (KHTML, like Gecko) Chrome/76.0.3809.132 Safari/537.36 OPR/63.0.3368.107',
  'upgrade-insecure-requests' => '1',
  'connection' => 'close',
  'host' => 'www.crmeb.com',
)
[ info ] [ PARAM ] array (
  'type' => '1',
)
[ info ] [ DB ] INIT mysql
[ info ] [ VIEW ] D:\phpStudy\PHPTutorial\WWW\wolfbolg\application\index/view/default/web/index_index.php [ array (
  0 => 'backimg',
  1 => 'page',
  2 => 'list',
  3 => 'type',
  4 => 'tops',
) ]
[ sql ] [ DB ] CONNECT:[ UseTime:0.010385s ] mysql:host=127.0.0.1;port=3306;dbname=blog_test;charset=utf8
[ sql ] [ SQL ] SHOW COLUMNS FROM `config` [ RunTime:0.006848s ]
[ sql ] [ SQL ] SELECT `tp_name` FROM `config` LIMIT 1 [ RunTime:0.000301s ]
[ sql ] [ SQL ] SHOW COLUMNS FROM `background` [ RunTime:0.005652s ]
[ sql ] [ SQL ] SELECT * FROM `background` WHERE  `id` = 1 LIMIT 1 [ RunTime:0.000318s ]
[ sql ] [ SQL ] SHOW COLUMNS FROM `article` [ RunTime:0.020516s ]
[ sql ] [ SQL ] SELECT COUNT(*) AS tp_count FROM `article` WHERE  `status` = 1  AND `type` = 1 [ RunTime:0.001271s ]
[ sql ] [ SQL ] SELECT * FROM `article` WHERE  `status` = 1  AND `type` = 1 LIMIT 0,5 [ RunTime:0.001619s ]
[ sql ] [ SQL ] SELECT `id`,`title`,`img` FROM `article` WHERE  `type` = 1  AND `status` = 1  AND `img` <> '' ORDER BY id desc LIMIT 5 [ RunTime:0.000874s ]
[ sql ] [ SQL ] SHOW COLUMNS FROM `category` [ RunTime:0.010608s ]
[ sql ] [ SQL ] SELECT `id`,`title` FROM `category` WHERE  `status` = 1 ORDER BY `sort` ASC [ RunTime:0.000455s ]
[ sql ] [ SQL ] SELECT `id`,`title` FROM `category` WHERE  `status` = 1 ORDER BY `sort` ASC [ RunTime:0.000414s ]
[ sql ] [ SQL ] SELECT `id`,`title` FROM `category` WHERE  `status` = 1 ORDER BY `sort` ASC [ RunTime:0.000473s ]
[ sql ] [ SQL ] SELECT `id`,`title` FROM `category` WHERE  `status` = 1 ORDER BY `sort` ASC [ RunTime:0.000355s ]
[ sql ] [ SQL ] SELECT `id`,`title` FROM `category` WHERE  `status` = 1 ORDER BY `sort` ASC [ RunTime:0.000354s ]
---------------------------------------------------------------
[2019-10-11T09:20:42+08:00] 127.0.0.1 GET www.crmeb.com/?type=2
[运行时间：0.083634s] [吞吐率：11.96req/s] [内存消耗：2,958.80kb] [文件加载：85]
[ info ] [ LANG ] D:\phpStudy\PHPTutorial\WWW\wolfbolg\thinkphp\lang\zh-cn.php
[ info ] [ ROUTE ] array (
  'rule' => '',
  'route' => 'index/index',
  'option' => 
  array (
    'merge_rule_regex' => false,
    'complete_match' => true,
  ),
  'var' => 
  array (
  ),
)
[ info ] [ HEADER ] array (
  'cookie' => 'PHPSESSID=36h3lh5u4unst3ntift6nme9e7',
  'accept-language' => 'zh-CN,zh;q=0.9,en-US;q=0.8,en;q=0.7',
  'accept-encoding' => 'gzip, deflate',
  'referer' => 'http://www.crmeb.com/?type=1',
  'accept' => 'text/html,application/xhtml+xml,application/xml;q=0.9,image/webp,image/apng,*/*;q=0.8',
  'user-agent' => 'Mozilla/5.0 (Windows NT 10.0; Win64; x64) AppleWebKit/537.36 (KHTML, like Gecko) Chrome/76.0.3809.132 Safari/537.36 OPR/63.0.3368.107',
  'upgrade-insecure-requests' => '1',
  'connection' => 'close',
  'host' => 'www.crmeb.com',
)
[ info ] [ PARAM ] array (
  'type' => '2',
)
[ info ] [ DB ] INIT mysql
[ info ] [ VIEW ] D:\phpStudy\PHPTutorial\WWW\wolfbolg\application\index/view/default/web/index_index.php [ array (
  0 => 'backimg',
  1 => 'page',
  2 => 'list',
  3 => 'type',
  4 => 'tops',
) ]
[ sql ] [ DB ] CONNECT:[ UseTime:0.010386s ] mysql:host=127.0.0.1;port=3306;dbname=blog_test;charset=utf8
[ sql ] [ SQL ] SHOW COLUMNS FROM `config` [ RunTime:0.006876s ]
[ sql ] [ SQL ] SELECT `tp_name` FROM `config` LIMIT 1 [ RunTime:0.000308s ]
[ sql ] [ SQL ] SHOW COLUMNS FROM `background` [ RunTime:0.006831s ]
[ sql ] [ SQL ] SELECT * FROM `background` WHERE  `id` = 1 LIMIT 1 [ RunTime:0.000330s ]
[ sql ] [ SQL ] SHOW COLUMNS FROM `article` [ RunTime:0.012650s ]
[ sql ] [ SQL ] SELECT COUNT(*) AS tp_count FROM `article` WHERE  `status` = 1  AND `type` = 2 [ RunTime:0.000276s ]
[ sql ] [ SQL ] SELECT * FROM `article` WHERE  `status` = 1  AND `type` = 2 LIMIT 0,5 [ RunTime:0.000525s ]
[ sql ] [ SQL ] SELECT `id`,`title`,`img` FROM `article` WHERE  `type` = 2  AND `status` = 1  AND `img` <> '' ORDER BY id desc LIMIT 5 [ RunTime:0.000282s ]
[ sql ] [ SQL ] SHOW COLUMNS FROM `category` [ RunTime:0.007312s ]
[ sql ] [ SQL ] SELECT `id`,`title` FROM `category` WHERE  `status` = 1 ORDER BY `sort` ASC [ RunTime:0.000320s ]
[ sql ] [ SQL ] SELECT `id`,`title` FROM `category` WHERE  `status` = 1 ORDER BY `sort` ASC [ RunTime:0.000310s ]
[ sql ] [ SQL ] SELECT `id`,`title` FROM `category` WHERE  `status` = 1 ORDER BY `sort` ASC [ RunTime:0.000294s ]
[ sql ] [ SQL ] SELECT `id`,`title` FROM `category` WHERE  `status` = 1 ORDER BY `sort` ASC [ RunTime:0.000297s ]
[ sql ] [ SQL ] SELECT `id`,`title` FROM `category` WHERE  `status` = 1 ORDER BY `sort` ASC [ RunTime:0.000290s ]
---------------------------------------------------------------
[2019-10-11T09:20:46+08:00] 127.0.0.1 GET www.crmeb.com/info/7/
[运行时间：0.083793s] [吞吐率：11.93req/s] [内存消耗：2,746.94kb] [文件加载：79]
[ info ] [ LANG ] D:\phpStudy\PHPTutorial\WWW\wolfbolg\thinkphp\lang\zh-cn.php
[ info ] [ ROUTE ] array (
  'rule' => 'info/<id>',
  'route' => 'index/Info/index',
  'option' => 
  array (
    'merge_rule_regex' => false,
  ),
  'var' => 
  array (
    'id' => '7',
  ),
)
[ info ] [ HEADER ] array (
  'cookie' => 'PHPSESSID=36h3lh5u4unst3ntift6nme9e7',
  'accept-language' => 'zh-CN,zh;q=0.9,en-US;q=0.8,en;q=0.7',
  'accept-encoding' => 'gzip, deflate',
  'referer' => 'http://www.crmeb.com/?type=2',
  'accept' => 'text/html,application/xhtml+xml,application/xml;q=0.9,image/webp,image/apng,*/*;q=0.8',
  'user-agent' => 'Mozilla/5.0 (Windows NT 10.0; Win64; x64) AppleWebKit/537.36 (KHTML, like Gecko) Chrome/76.0.3809.132 Safari/537.36 OPR/63.0.3368.107',
  'upgrade-insecure-requests' => '1',
  'connection' => 'close',
  'host' => 'www.crmeb.com',
)
[ info ] [ PARAM ] array (
  '/info/7/' => '',
  'id' => '7',
)
[ info ] [ DB ] INIT mysql
[ info ] [ VIEW ] D:\phpStudy\PHPTutorial\WWW\wolfbolg\application\index/view/default/web/info_index.php [ array (
  0 => 'backimg',
  1 => 'info',
  2 => 'type',
  3 => 'title',
) ]
[ sql ] [ DB ] CONNECT:[ UseTime:0.010609s ] mysql:host=127.0.0.1;port=3306;dbname=blog_test;charset=utf8
[ sql ] [ SQL ] SHOW COLUMNS FROM `config` [ RunTime:0.006629s ]
[ sql ] [ SQL ] SELECT `tp_name` FROM `config` LIMIT 1 [ RunTime:0.000321s ]
[ sql ] [ SQL ] SHOW COLUMNS FROM `background` [ RunTime:0.005723s ]
[ sql ] [ SQL ] SELECT * FROM `background` WHERE  `id` = 1 LIMIT 1 [ RunTime:0.000284s ]
[ sql ] [ SQL ] SHOW COLUMNS FROM `article` [ RunTime:0.020670s ]
[ sql ] [ SQL ] SELECT * FROM `article` WHERE  `id` = 7 LIMIT 1 [ RunTime:0.000366s ]
[ sql ] [ SQL ] SHOW COLUMNS FROM `category` [ RunTime:0.006188s ]
[ sql ] [ SQL ] SELECT `id`,`title` FROM `category` WHERE  `status` = 1 ORDER BY `sort` ASC [ RunTime:0.000399s ]
[ sql ] [ SQL ] SELECT `id`,`title` FROM `category` WHERE  `status` = 1 ORDER BY `sort` ASC [ RunTime:0.000260s ]
---------------------------------------------------------------
[2019-10-11T09:20:46+08:00] 127.0.0.1 GET www.crmeb.com/static/api/js/share.js?v=89860593.js?cdnversion=436320
[运行时间：0.021043s] [吞吐率：47.52req/s] [内存消耗：1,059.22kb] [文件加载：47]
[ info ] [ LANG ] D:\phpStudy\PHPTutorial\WWW\wolfbolg\thinkphp\lang\zh-cn.php
---------------------------------------------------------------
[2019-10-11T09:24:30+08:00] 127.0.0.1 GET www.crmeb.com/?type=1
[运行时间：0.092454s] [吞吐率：10.82req/s] [内存消耗：2,880.99kb] [文件加载：85]
[ info ] [ LANG ] D:\phpStudy\PHPTutorial\WWW\wolfbolg\thinkphp\lang\zh-cn.php
[ info ] [ ROUTE ] array (
  'rule' => '',
  'route' => 'index/index',
  'option' => 
  array (
    'merge_rule_regex' => false,
    'complete_match' => true,
  ),
  'var' => 
  array (
  ),
)
[ info ] [ HEADER ] array (
  'cookie' => 'PHPSESSID=36h3lh5u4unst3ntift6nme9e7',
  'accept-language' => 'zh-CN,zh;q=0.9,en-US;q=0.8,en;q=0.7',
  'accept-encoding' => 'gzip, deflate',
  'referer' => 'http://www.crmeb.com/info/7/',
  'accept' => 'text/html,application/xhtml+xml,application/xml;q=0.9,image/webp,image/apng,*/*;q=0.8',
  'user-agent' => 'Mozilla/5.0 (Windows NT 10.0; Win64; x64) AppleWebKit/537.36 (KHTML, like Gecko) Chrome/76.0.3809.132 Safari/537.36 OPR/63.0.3368.107',
  'upgrade-insecure-requests' => '1',
  'connection' => 'close',
  'host' => 'www.crmeb.com',
)
[ info ] [ PARAM ] array (
  'type' => '1',
)
[ info ] [ DB ] INIT mysql
[ info ] [ VIEW ] D:\phpStudy\PHPTutorial\WWW\wolfbolg\application\index/view/default/web/index_index.php [ array (
  0 => 'backimg',
  1 => 'page',
  2 => 'list',
  3 => 'type',
  4 => 'tops',
) ]
[ sql ] [ DB ] CONNECT:[ UseTime:0.009752s ] mysql:host=127.0.0.1;port=3306;dbname=blog_test;charset=utf8
[ sql ] [ SQL ] SHOW COLUMNS FROM `config` [ RunTime:0.007078s ]
[ sql ] [ SQL ] SELECT `tp_name` FROM `config` LIMIT 1 [ RunTime:0.000294s ]
[ sql ] [ SQL ] SHOW COLUMNS FROM `background` [ RunTime:0.005999s ]
[ sql ] [ SQL ] SELECT * FROM `background` WHERE  `id` = 1 LIMIT 1 [ RunTime:0.000377s ]
[ sql ] [ SQL ] SHOW COLUMNS FROM `article` [ RunTime:0.007219s ]
[ sql ] [ SQL ] SELECT COUNT(*) AS tp_count FROM `article` WHERE  `status` = 1  AND `type` = 1 [ RunTime:0.000263s ]
[ sql ] [ SQL ] SELECT * FROM `article` WHERE  `status` = 1  AND `type` = 1 LIMIT 0,5 [ RunTime:0.000381s ]
[ sql ] [ SQL ] SELECT `id`,`title`,`img` FROM `article` WHERE  `type` = 1  AND `status` = 1  AND `img` <> '' ORDER BY id desc LIMIT 5 [ RunTime:0.000353s ]
[ sql ] [ SQL ] SHOW COLUMNS FROM `category` [ RunTime:0.007388s ]
[ sql ] [ SQL ] SELECT `id`,`title` FROM `category` WHERE  `status` = 1 ORDER BY `sort` ASC [ RunTime:0.000328s ]
[ sql ] [ SQL ] SELECT `id`,`title` FROM `category` WHERE  `status` = 1 ORDER BY `sort` ASC [ RunTime:0.000269s ]
[ sql ] [ SQL ] SELECT `id`,`title` FROM `category` WHERE  `status` = 1 ORDER BY `sort` ASC [ RunTime:0.000259s ]
[ sql ] [ SQL ] SELECT `id`,`title` FROM `category` WHERE  `status` = 1 ORDER BY `sort` ASC [ RunTime:0.000260s ]
[ sql ] [ SQL ] SELECT `id`,`title` FROM `category` WHERE  `status` = 1 ORDER BY `sort` ASC [ RunTime:0.000268s ]
---------------------------------------------------------------
[2019-10-11T09:24:31+08:00] 127.0.0.1 GET www.crmeb.com/
[运行时间：0.138025s] [吞吐率：7.25req/s] [内存消耗：2,930.32kb] [文件加载：85]
[ info ] [ LANG ] D:\phpStudy\PHPTutorial\WWW\wolfbolg\thinkphp\lang\zh-cn.php
[ info ] [ ROUTE ] array (
  'rule' => '',
  'route' => 'index/index',
  'option' => 
  array (
    'merge_rule_regex' => false,
    'complete_match' => true,
  ),
  'var' => 
  array (
  ),
)
[ info ] [ HEADER ] array (
  'cookie' => 'PHPSESSID=36h3lh5u4unst3ntift6nme9e7',
  'accept-language' => 'zh-CN,zh;q=0.9,en-US;q=0.8,en;q=0.7',
  'accept-encoding' => 'gzip, deflate',
  'referer' => 'http://www.crmeb.com/?type=1',
  'accept' => 'text/html,application/xhtml+xml,application/xml;q=0.9,image/webp,image/apng,*/*;q=0.8',
  'user-agent' => 'Mozilla/5.0 (Windows NT 10.0; Win64; x64) AppleWebKit/537.36 (KHTML, like Gecko) Chrome/76.0.3809.132 Safari/537.36 OPR/63.0.3368.107',
  'upgrade-insecure-requests' => '1',
  'connection' => 'close',
  'host' => 'www.crmeb.com',
)
[ info ] [ PARAM ] array (
)
[ info ] [ DB ] INIT mysql
[ info ] [ VIEW ] D:\phpStudy\PHPTutorial\WWW\wolfbolg\application\index/view/default/web/index_index.php [ array (
  0 => 'backimg',
  1 => 'page',
  2 => 'list',
  3 => 'type',
  4 => 'tops',
) ]
[ sql ] [ DB ] CONNECT:[ UseTime:0.011018s ] mysql:host=127.0.0.1;port=3306;dbname=blog_test;charset=utf8
[ sql ] [ SQL ] SHOW COLUMNS FROM `config` [ RunTime:0.006636s ]
[ sql ] [ SQL ] SELECT `tp_name` FROM `config` LIMIT 1 [ RunTime:0.000268s ]
[ sql ] [ SQL ] SHOW COLUMNS FROM `background` [ RunTime:0.006682s ]
[ sql ] [ SQL ] SELECT * FROM `background` WHERE  `id` = 1 LIMIT 1 [ RunTime:0.000550s ]
[ sql ] [ SQL ] SHOW COLUMNS FROM `article` [ RunTime:0.058692s ]
[ sql ] [ SQL ] SELECT COUNT(*) AS tp_count FROM `article` WHERE  `status` = 1 [ RunTime:0.000319s ]
[ sql ] [ SQL ] SELECT * FROM `article` WHERE  `status` = 1 LIMIT 0,5 [ RunTime:0.000444s ]
[ sql ] [ SQL ] SELECT `id`,`title`,`img` FROM `article` WHERE  `status` = 1  AND `img` <> '' ORDER BY id desc LIMIT 5 [ RunTime:0.000301s ]
[ sql ] [ SQL ] SHOW COLUMNS FROM `category` [ RunTime:0.013918s ]
[ sql ] [ SQL ] SELECT `id`,`title` FROM `category` WHERE  `status` = 1 ORDER BY `sort` ASC [ RunTime:0.000322s ]
[ sql ] [ SQL ] SELECT `id`,`title` FROM `category` WHERE  `status` = 1 ORDER BY `sort` ASC [ RunTime:0.000290s ]
[ sql ] [ SQL ] SELECT `id`,`title` FROM `category` WHERE  `status` = 1 ORDER BY `sort` ASC [ RunTime:0.000262s ]
[ sql ] [ SQL ] SELECT `id`,`title` FROM `category` WHERE  `status` = 1 ORDER BY `sort` ASC [ RunTime:0.000302s ]
[ sql ] [ SQL ] SELECT `id`,`title` FROM `category` WHERE  `status` = 1 ORDER BY `sort` ASC [ RunTime:0.000267s ]
[ sql ] [ SQL ] SELECT `id`,`title` FROM `category` WHERE  `status` = 1 ORDER BY `sort` ASC [ RunTime:0.000232s ]
---------------------------------------------------------------
[2019-10-11T09:44:04+08:00] 127.0.0.1 GET www.crmeb.com/admin/article/edit.html
[运行时间：0.074584s] [吞吐率：13.41req/s] [内存消耗：2,855.15kb] [文件加载：86]
[ info ] [ LANG ] D:\phpStudy\PHPTutorial\WWW\wolfbolg\thinkphp\lang\zh-cn.php
[ info ] [ ROUTE ] array (
)
[ info ] [ HEADER ] array (
  'cookie' => 'PHPSESSID=36h3lh5u4unst3ntift6nme9e7',
  'accept-language' => 'zh-CN,zh;q=0.9,en-US;q=0.8,en;q=0.7',
  'accept-encoding' => 'gzip, deflate',
  'referer' => 'http://www.crmeb.com/admin/article/index.html',
  'accept' => 'text/html,application/xhtml+xml,application/xml;q=0.9,image/webp,image/apng,*/*;q=0.8',
  'user-agent' => 'Mozilla/5.0 (Windows NT 10.0; Win64; x64) AppleWebKit/537.36 (KHTML, like Gecko) Chrome/76.0.3809.132 Safari/537.36 OPR/63.0.3368.107',
  'upgrade-insecure-requests' => '1',
  'cache-control' => 'no-cache',
  'pragma' => 'no-cache',
  'connection' => 'close',
  'host' => 'www.crmeb.com',
)
[ info ] [ PARAM ] array (
  '/admin/article/edit_html' => '',
)
[ info ] [ DB ] INIT mysql
[ info ] [ VIEW ] D:\phpStudy\PHPTutorial\WWW\wolfbolg\application\admin\view\public_head.php [ array (
  0 => 'catalog_data',
  1 => 'controller',
  2 => 'action',
  3 => 'tempname',
  4 => 'notes',
  5 => 'type',
  6 => 'info',
) ]
[ info ] [ VIEW ] D:\phpStudy\PHPTutorial\WWW\wolfbolg\application\admin\view\article_edit.php [ array (
  0 => 'catalog_data',
  1 => 'controller',
  2 => 'action',
  3 => 'tempname',
  4 => 'notes',
  5 => 'type',
  6 => 'info',
) ]
[ info ] [ VIEW ] D:\phpStudy\PHPTutorial\WWW\wolfbolg\application\admin\view\public_foot.php [ array (
  0 => 'catalog_data',
  1 => 'controller',
  2 => 'action',
  3 => 'tempname',
  4 => 'notes',
  5 => 'type',
  6 => 'info',
) ]
[ sql ] [ DB ] CONNECT:[ UseTime:0.001519s ] mysql:host=127.0.0.1;port=3306;dbname=blog_test;charset=utf8
[ sql ] [ SQL ] SHOW COLUMNS FROM `category` [ RunTime:0.025841s ]
[ sql ] [ SQL ] SELECT `id`,`title` FROM `category` WHERE  `status` = 1 ORDER BY `sort` ASC [ RunTime:0.000348s ]
