---------------------------------------------------------------
[2019-11-09T16:55:21+08:00] 127.0.0.1 GET www.crmeb.com/info/1/
[运行时间：0.101576s] [吞吐率：9.84req/s] [内存消耗：2,694.81kb] [文件加载：79]
[ info ] [ LANG ] D:\phpStudy\PHPTutorial\WWW\wolfbolg\thinkphp\lang\zh-cn.php
[ info ] [ ROUTE ] array (
  'rule' => 'info/<id>',
  'route' => 'index/Info/index',
  'option' => 
  array (
    'merge_rule_regex' => false,
  ),
  'var' => 
  array (
    'id' => '1',
  ),
)
[ info ] [ HEADER ] array (
  'cookie' => 'PHPSESSID=36h3lh5u4unst3ntift6nme9e7',
  'accept-language' => 'zh-CN,zh;q=0.9,en-US;q=0.8,en;q=0.7',
  'accept-encoding' => 'gzip, deflate',
  'referer' => 'http://www.crmeb.com/',
  'accept' => 'text/html,application/xhtml+xml,application/xml;q=0.9,image/webp,image/apng,*/*;q=0.8',
  'user-agent' => 'Mozilla/5.0 (Windows NT 10.0; Win64; x64) AppleWebKit/537.36 (KHTML, like Gecko) Chrome/76.0.3809.132 Safari/537.36 OPR/63.0.3368.107',
  'upgrade-insecure-requests' => '1',
  'connection' => 'close',
  'host' => 'www.crmeb.com',
)
[ info ] [ PARAM ] array (
  '/info/1/' => '',
  'id' => '1',
)
[ info ] [ DB ] INIT mysql
[ info ] [ VIEW ] D:\phpStudy\PHPTutorial\WWW\wolfbolg\application\index/view/default/web/info_index.php [ array (
  0 => 'backimg',
  1 => 'info',
  2 => 'type',
  3 => 'title',
) ]
[ sql ] [ DB ] CONNECT:[ UseTime:0.010183s ] mysql:host=127.0.0.1;port=3306;dbname=blog_test;charset=utf8
[ sql ] [ SQL ] SHOW COLUMNS FROM `config` [ RunTime:0.007530s ]
[ sql ] [ SQL ] SELECT `tp_name` FROM `config` LIMIT 1 [ RunTime:0.000362s ]
[ sql ] [ SQL ] SHOW COLUMNS FROM `background` [ RunTime:0.017222s ]
[ sql ] [ SQL ] SELECT * FROM `background` WHERE  `id` = 1 LIMIT 1 [ RunTime:0.000662s ]
[ sql ] [ SQL ] SHOW COLUMNS FROM `article` [ RunTime:0.007564s ]
[ sql ] [ SQL ] SELECT * FROM `article` WHERE  `id` = 1 LIMIT 1 [ RunTime:0.000338s ]
[ sql ] [ SQL ] SHOW COLUMNS FROM `category` [ RunTime:0.007699s ]
[ sql ] [ SQL ] SELECT `id`,`title` FROM `category` WHERE  `status` = 1 ORDER BY `sort` ASC [ RunTime:0.000608s ]
[ sql ] [ SQL ] SELECT `id`,`title` FROM `category` WHERE  `status` = 1 ORDER BY `sort` ASC [ RunTime:0.000216s ]
---------------------------------------------------------------
[2019-11-09T16:55:21+08:00] 127.0.0.1 GET www.crmeb.com/static/api/js/share.js?v=89860593.js?cdnversion=437023
[运行时间：0.021965s] [吞吐率：45.53req/s] [内存消耗：1,059.05kb] [文件加载：47]
[ info ] [ LANG ] D:\phpStudy\PHPTutorial\WWW\wolfbolg\thinkphp\lang\zh-cn.php
---------------------------------------------------------------
[2019-11-09T16:55:48+08:00] 127.0.0.1 GET www.crmeb.com/info/1/
[运行时间：0.080854s] [吞吐率：12.37req/s] [内存消耗：2,694.97kb] [文件加载：79]
[ info ] [ LANG ] D:\phpStudy\PHPTutorial\WWW\wolfbolg\thinkphp\lang\zh-cn.php
[ info ] [ ROUTE ] array (
  'rule' => 'info/<id>',
  'route' => 'index/Info/index',
  'option' => 
  array (
    'merge_rule_regex' => false,
  ),
  'var' => 
  array (
    'id' => '1',
  ),
)
[ info ] [ HEADER ] array (
  'cookie' => 'PHPSESSID=36h3lh5u4unst3ntift6nme9e7',
  'accept-language' => 'zh-CN,zh;q=0.9,en-US;q=0.8,en;q=0.7',
  'accept-encoding' => 'gzip, deflate',
  'referer' => 'http://www.crmeb.com/',
  'accept' => 'text/html,application/xhtml+xml,application/xml;q=0.9,image/webp,image/apng,*/*;q=0.8',
  'user-agent' => 'Mozilla/5.0 (Windows NT 10.0; Win64; x64) AppleWebKit/537.36 (KHTML, like Gecko) Chrome/76.0.3809.132 Safari/537.36 OPR/63.0.3368.107',
  'upgrade-insecure-requests' => '1',
  'cache-control' => 'max-age=0',
  'connection' => 'close',
  'host' => 'www.crmeb.com',
)
[ info ] [ PARAM ] array (
  '/info/1/' => '',
  'id' => '1',
)
[ info ] [ DB ] INIT mysql
[ info ] [ VIEW ] D:\phpStudy\PHPTutorial\WWW\wolfbolg\application\index/view/default/web/info_index.php [ array (
  0 => 'backimg',
  1 => 'info',
  2 => 'type',
  3 => 'title',
) ]
[ sql ] [ DB ] CONNECT:[ UseTime:0.000624s ] mysql:host=127.0.0.1;port=3306;dbname=blog_test;charset=utf8
[ sql ] [ SQL ] SHOW COLUMNS FROM `config` [ RunTime:0.007758s ]
[ sql ] [ SQL ] SELECT `tp_name` FROM `config` LIMIT 1 [ RunTime:0.000309s ]
[ sql ] [ SQL ] SHOW COLUMNS FROM `background` [ RunTime:0.006025s ]
[ sql ] [ SQL ] SELECT * FROM `background` WHERE  `id` = 1 LIMIT 1 [ RunTime:0.000302s ]
[ sql ] [ SQL ] SHOW COLUMNS FROM `article` [ RunTime:0.006644s ]
[ sql ] [ SQL ] SELECT * FROM `article` WHERE  `id` = 1 LIMIT 1 [ RunTime:0.000338s ]
[ sql ] [ SQL ] SHOW COLUMNS FROM `category` [ RunTime:0.007088s ]
[ sql ] [ SQL ] SELECT `id`,`title` FROM `category` WHERE  `status` = 1 ORDER BY `sort` ASC [ RunTime:0.000329s ]
[ sql ] [ SQL ] SELECT `id`,`title` FROM `category` WHERE  `status` = 1 ORDER BY `sort` ASC [ RunTime:0.000306s ]
---------------------------------------------------------------
[2019-11-09T16:55:48+08:00] 127.0.0.1 GET www.crmeb.com/static/api/js/share.js?v=89860593.js?cdnversion=437023
[运行时间：0.019738s] [吞吐率：50.66req/s] [内存消耗：1,059.05kb] [文件加载：47]
[ info ] [ LANG ] D:\phpStudy\PHPTutorial\WWW\wolfbolg\thinkphp\lang\zh-cn.php
---------------------------------------------------------------
[2019-11-09T16:56:22+08:00] 127.0.0.1 GET www.crmeb.com/info/1/
[运行时间：0.089896s] [吞吐率：11.12req/s] [内存消耗：2,695.09kb] [文件加载：79]
[ info ] [ LANG ] D:\phpStudy\PHPTutorial\WWW\wolfbolg\thinkphp\lang\zh-cn.php
[ info ] [ ROUTE ] array (
  'rule' => 'info/<id>',
  'route' => 'index/Info/index',
  'option' => 
  array (
    'merge_rule_regex' => false,
  ),
  'var' => 
  array (
    'id' => '1',
  ),
)
[ info ] [ HEADER ] array (
  'cookie' => 'PHPSESSID=36h3lh5u4unst3ntift6nme9e7',
  'accept-language' => 'zh-CN,zh;q=0.9,en-US;q=0.8,en;q=0.7',
  'accept-encoding' => 'gzip, deflate',
  'referer' => 'http://www.crmeb.com/',
  'accept' => 'text/html,application/xhtml+xml,application/xml;q=0.9,image/webp,image/apng,*/*;q=0.8',
  'user-agent' => 'Mozilla/5.0 (Windows NT 10.0; Win64; x64) AppleWebKit/537.36 (KHTML, like Gecko) Chrome/76.0.3809.132 Safari/537.36 OPR/63.0.3368.107',
  'upgrade-insecure-requests' => '1',
  'cache-control' => 'max-age=0',
  'connection' => 'close',
  'host' => 'www.crmeb.com',
)
[ info ] [ PARAM ] array (
  '/info/1/' => '',
  'id' => '1',
)
[ info ] [ DB ] INIT mysql
[ info ] [ VIEW ] D:\phpStudy\PHPTutorial\WWW\wolfbolg\application\index/view/default/web/info_index.php [ array (
  0 => 'backimg',
  1 => 'info',
  2 => 'type',
  3 => 'title',
) ]
[ sql ] [ DB ] CONNECT:[ UseTime:0.011878s ] mysql:host=127.0.0.1;port=3306;dbname=blog_test;charset=utf8
[ sql ] [ SQL ] SHOW COLUMNS FROM `config` [ RunTime:0.007271s ]
[ sql ] [ SQL ] SELECT `tp_name` FROM `config` LIMIT 1 [ RunTime:0.000280s ]
[ sql ] [ SQL ] SHOW COLUMNS FROM `background` [ RunTime:0.008457s ]
[ sql ] [ SQL ] SELECT * FROM `background` WHERE  `id` = 1 LIMIT 1 [ RunTime:0.000407s ]
[ sql ] [ SQL ] SHOW COLUMNS FROM `article` [ RunTime:0.007059s ]
[ sql ] [ SQL ] SELECT * FROM `article` WHERE  `id` = 1 LIMIT 1 [ RunTime:0.000328s ]
[ sql ] [ SQL ] SHOW COLUMNS FROM `category` [ RunTime:0.007596s ]
[ sql ] [ SQL ] SELECT `id`,`title` FROM `category` WHERE  `status` = 1 ORDER BY `sort` ASC [ RunTime:0.000269s ]
[ sql ] [ SQL ] SELECT `id`,`title` FROM `category` WHERE  `status` = 1 ORDER BY `sort` ASC [ RunTime:0.000262s ]
---------------------------------------------------------------
[2019-11-09T16:56:22+08:00] 127.0.0.1 GET www.crmeb.com/info/1/
[运行时间：0.167966s] [吞吐率：5.95req/s] [内存消耗：2,695.29kb] [文件加载：79]
[ info ] [ LANG ] D:\phpStudy\PHPTutorial\WWW\wolfbolg\thinkphp\lang\zh-cn.php
[ info ] [ ROUTE ] array (
  'rule' => 'info/<id>',
  'route' => 'index/Info/index',
  'option' => 
  array (
    'merge_rule_regex' => false,
  ),
  'var' => 
  array (
    'id' => '1',
  ),
)
[ info ] [ HEADER ] array (
  'cookie' => 'PHPSESSID=36h3lh5u4unst3ntift6nme9e7',
  'accept-language' => 'zh-CN,zh;q=0.9,en-US;q=0.8,en;q=0.7',
  'accept-encoding' => 'gzip, deflate',
  'referer' => 'http://www.crmeb.com/',
  'accept' => 'text/html,application/xhtml+xml,application/xml;q=0.9,image/webp,image/apng,*/*;q=0.8',
  'user-agent' => 'Mozilla/5.0 (Windows NT 10.0; Win64; x64) AppleWebKit/537.36 (KHTML, like Gecko) Chrome/76.0.3809.132 Safari/537.36 OPR/63.0.3368.107',
  'upgrade-insecure-requests' => '1',
  'cache-control' => 'no-cache',
  'pragma' => 'no-cache',
  'connection' => 'close',
  'host' => 'www.crmeb.com',
)
[ info ] [ PARAM ] array (
  '/info/1/' => '',
  'id' => '1',
)
[ info ] [ DB ] INIT mysql
[ info ] [ VIEW ] D:\phpStudy\PHPTutorial\WWW\wolfbolg\application\index/view/default/web/info_index.php [ array (
  0 => 'backimg',
  1 => 'info',
  2 => 'type',
  3 => 'title',
) ]
[ sql ] [ DB ] CONNECT:[ UseTime:0.009866s ] mysql:host=127.0.0.1;port=3306;dbname=blog_test;charset=utf8
[ sql ] [ SQL ] SHOW COLUMNS FROM `config` [ RunTime:0.008652s ]
[ sql ] [ SQL ] SELECT `tp_name` FROM `config` LIMIT 1 [ RunTime:0.000423s ]
[ sql ] [ SQL ] SHOW COLUMNS FROM `background` [ RunTime:0.007242s ]
[ sql ] [ SQL ] SELECT * FROM `background` WHERE  `id` = 1 LIMIT 1 [ RunTime:0.000399s ]
[ sql ] [ SQL ] SHOW COLUMNS FROM `article` [ RunTime:0.010053s ]
[ sql ] [ SQL ] SELECT * FROM `article` WHERE  `id` = 1 LIMIT 1 [ RunTime:0.000552s ]
[ sql ] [ SQL ] SHOW COLUMNS FROM `category` [ RunTime:0.091371s ]
[ sql ] [ SQL ] SELECT `id`,`title` FROM `category` WHERE  `status` = 1 ORDER BY `sort` ASC [ RunTime:0.000367s ]
[ sql ] [ SQL ] SELECT `id`,`title` FROM `category` WHERE  `status` = 1 ORDER BY `sort` ASC [ RunTime:0.000289s ]
---------------------------------------------------------------
[2019-11-09T16:56:22+08:00] 127.0.0.1 GET www.crmeb.com/static/api/js/share.js?v=89860593.js?cdnversion=437023
[运行时间：0.025757s] [吞吐率：38.82req/s] [内存消耗：1,058.96kb] [文件加载：47]
[ info ] [ LANG ] D:\phpStudy\PHPTutorial\WWW\wolfbolg\thinkphp\lang\zh-cn.php
---------------------------------------------------------------
[2019-11-09T16:56:23+08:00] 127.0.0.1 GET www.crmeb.com/static/api/js/share.js?v=89860593.js?cdnversion=437023
[运行时间：0.016424s] [吞吐率：60.89req/s] [内存消耗：1,059.05kb] [文件加载：47]
[ info ] [ LANG ] D:\phpStudy\PHPTutorial\WWW\wolfbolg\thinkphp\lang\zh-cn.php
